#
# There is insufficient memory for the Java Runtime Environment to continue.
# Native memory allocation (mmap) failed to map 5242880 bytes. Error detail: G1 virtual space
# Possible reasons:
#   The system is out of physical RAM or swap space
#   This process is running with CompressedOops enabled, and the Java Heap may be blocking the growth of the native heap
# Possible solutions:
#   Reduce memory load on the system
#   Increase physical memory or swap space
#   Check if swap backing store is full
#   Decrease Java heap size (-Xmx/-Xms)
#   Decrease number of Java threads
#   Decrease Java thread stack sizes (-Xss)
#   Set larger code cache with -XX:ReservedCodeCacheSize=
#   JVM is running with Unscaled Compressed Oops mode in which the Java heap is
#     placed in the first 4GB address space. The Java Heap base address is the
#     maximum limit for the native heap growth. Please use -XX:HeapBaseMinAddress
#     to set the Java Heap base and to place the Java Heap above 4GB virtual address.
# This output file may be truncated or incomplete.
#
#  Out of Memory Error (os_windows.cpp:3815), pid=8796, tid=9536
#
# JRE version: OpenJDK Runtime Environment (21.0.3) (build 21.0.3+-12282718-b509.11)
# Java VM: OpenJDK 64-Bit Server VM (21.0.3+-12282718-b509.11, mixed mode, tiered, compressed oops, compressed class ptrs, g1 gc, windows-amd64)
# No core dump will be written. Minidumps are not enabled by default on client versions of Windows
#

---------------  S U M M A R Y ------------

Command Line: org.jetbrains.kotlin.cli.jvm.K2JVMCompiler @C:\Users\pc\AndroidStudioProjects\CFBuddy\app\build\20250401_11592768201501469268.compiler.options

Host: Intel(R) Core(TM) i5-10310U CPU @ 1.70GHz, 8 cores, 7G,  Windows 11 , 64 bit Build 22621 (10.0.22621.4974)
Time: Tue Apr  1 03:19:52 2025 India Standard Time elapsed time: 12.459854 seconds (0d 0h 0m 12s)

---------------  T H R E A D  ---------------

Current thread (0x0000027574029170):  VMThread "VM Thread"          [id=9536, stack(0x00000088e3400000,0x00000088e3500000) (1024K)]

Stack: [0x00000088e3400000,0x00000088e3500000]
Native frames: (J=compiled Java code, j=interpreted, Vv=VM code, C=native code)
V  [jvm.dll+0x6cafb9]
V  [jvm.dll+0x858523]
V  [jvm.dll+0x85aa7e]
V  [jvm.dll+0x85b163]
V  [jvm.dll+0x27d356]
V  [jvm.dll+0x6c7865]
V  [jvm.dll+0x6bbd3a]
V  [jvm.dll+0x35199b]
V  [jvm.dll+0x3595d6]
V  [jvm.dll+0x3aa826]
V  [jvm.dll+0x3aaaf8]
V  [jvm.dll+0x3240bc]
V  [jvm.dll+0x326ac6]
V  [jvm.dll+0x33092e]
V  [jvm.dll+0x3680c5]
V  [jvm.dll+0x860ac8]
V  [jvm.dll+0x861bc4]
V  [jvm.dll+0x862100]
V  [jvm.dll+0x862393]
V  [jvm.dll+0x800d78]
V  [jvm.dll+0x6c98cd]
C  [ucrtbase.dll+0x29333]
C  [KERNEL32.DLL+0x1259d]
C  [ntdll.dll+0x5af38]

VM_Operation (0x00000088e2fff740): G1PauseRemark, mode: safepoint, requested by thread 0x000002755cb1c3c0


---------------  P R O C E S S  ---------------

Threads class SMR info:
_java_thread_list=0x000002757beaf830, length=13, elements={
0x000002755a7dd630, 0x00000275742387f0, 0x0000027574239510, 0x000002757424fd60,
0x00000275742507c0, 0x0000027574251220, 0x000002757426a000, 0x000002757426b1a0,
0x000002757424af90, 0x00000275744052f0, 0x0000027574408760, 0x000002757448b0f0,
0x000002757d06d8e0
}

Java Threads: ( => current thread )
  0x000002755a7dd630 JavaThread "main"                              [_thread_blocked, id=15504, stack(0x00000088e2d00000,0x00000088e2e00000) (1024K)]
  0x00000275742387f0 JavaThread "Reference Handler"          daemon [_thread_blocked, id=15092, stack(0x00000088e3500000,0x00000088e3600000) (1024K)]
  0x0000027574239510 JavaThread "Finalizer"                  daemon [_thread_blocked, id=10612, stack(0x00000088e3600000,0x00000088e3700000) (1024K)]
  0x000002757424fd60 JavaThread "Signal Dispatcher"          daemon [_thread_blocked, id=20252, stack(0x00000088e3700000,0x00000088e3800000) (1024K)]
  0x00000275742507c0 JavaThread "Attach Listener"            daemon [_thread_blocked, id=17864, stack(0x00000088e3800000,0x00000088e3900000) (1024K)]
  0x0000027574251220 JavaThread "Service Thread"             daemon [_thread_blocked, id=8476, stack(0x00000088e3900000,0x00000088e3a00000) (1024K)]
  0x000002757426a000 JavaThread "Monitor Deflation Thread"   daemon [_thread_blocked, id=10564, stack(0x00000088e3a00000,0x00000088e3b00000) (1024K)]
  0x000002757426b1a0 JavaThread "C2 CompilerThread0"         daemon [_thread_blocked, id=12256, stack(0x00000088e3b00000,0x00000088e3c00000) (1024K)]
  0x000002757424af90 JavaThread "C1 CompilerThread0"         daemon [_thread_blocked, id=8496, stack(0x00000088e3c00000,0x00000088e3d00000) (1024K)]
  0x00000275744052f0 JavaThread "Notification Thread"        daemon [_thread_blocked, id=12580, stack(0x00000088e3d00000,0x00000088e3e00000) (1024K)]
  0x0000027574408760 JavaThread "Common-Cleaner"             daemon [_thread_blocked, id=12572, stack(0x00000088e3e00000,0x00000088e3f00000) (1024K)]
  0x000002757448b0f0 JavaThread "C2 CompilerThread1"         daemon [_thread_blocked, id=7120, stack(0x00000088e3f00000,0x00000088e4000000) (1024K)]
  0x000002757d06d8e0 JavaThread "C2 CompilerThread2"         daemon [_thread_blocked, id=2572, stack(0x00000088e4800000,0x00000088e4900000) (1024K)]
Total: 13

Other Threads:
=>0x0000027574029170 VMThread "VM Thread"                           [id=9536, stack(0x00000088e3400000,0x00000088e3500000) (1024K)]
  0x00000275740143a0 WatcherThread "VM Periodic Task Thread"        [id=15812, stack(0x00000088e3300000,0x00000088e3400000) (1024K)]
  0x000002755cb0b1a0 WorkerThread "GC Thread#0"                     [id=16372, stack(0x00000088e2e00000,0x00000088e2f00000) (1024K)]
  0x0000027574029510 WorkerThread "GC Thread#1"                     [id=21016, stack(0x00000088e4000000,0x00000088e4100000) (1024K)]
  0x00000275740298b0 WorkerThread "GC Thread#2"                     [id=21136, stack(0x00000088e4100000,0x00000088e4200000) (1024K)]
  0x0000027574cc5f30 WorkerThread "GC Thread#3"                     [id=12600, stack(0x00000088e4200000,0x00000088e4300000) (1024K)]
  0x0000027574cc91f0 WorkerThread "GC Thread#4"                     [id=14384, stack(0x00000088e4300000,0x00000088e4400000) (1024K)]
  0x0000027574cc8370 WorkerThread "GC Thread#5"                     [id=15972, stack(0x00000088e4400000,0x00000088e4500000) (1024K)]
  0x0000027574cc9930 WorkerThread "GC Thread#6"                     [id=11736, stack(0x00000088e4500000,0x00000088e4600000) (1024K)]
  0x0000027574cc74f0 WorkerThread "GC Thread#7"                     [id=21260, stack(0x00000088e4600000,0x00000088e4700000) (1024K)]
  0x000002755cb1c3c0 ConcurrentGCThread "G1 Main Marker"            [id=16268, stack(0x00000088e2f00000,0x00000088e3000000) (1024K)]
  0x000002755cb1d660 WorkerThread "G1 Conc#0"                       [id=2020, stack(0x00000088e3000000,0x00000088e3100000) (1024K)]
  0x0000027574cc62d0 WorkerThread "G1 Conc#1"                       [id=21028, stack(0x00000088e4700000,0x00000088e4800000) (1024K)]
  0x000002755cb7e600 ConcurrentGCThread "G1 Refine#0"               [id=15716, stack(0x00000088e3100000,0x00000088e3200000) (1024K)]
  0x0000027573ee4330 ConcurrentGCThread "G1 Service"                [id=2424, stack(0x00000088e3200000,0x00000088e3300000) (1024K)]
Total: 15

Threads with active compile tasks:
Total: 0

VM state: at safepoint (normal execution)

VM Mutex/Monitor currently owned by a thread:  ([mutex/lock_event])
[0x00007ffad09920c8] Threads_lock - owner thread: 0x0000027574029170
[0x00007ffad09921c8] Heap_lock - owner thread: 0x000002755cb1c3c0

Heap address: 0x0000000083a00000, size: 1990 MB, Compressed Oops mode: 32-bit

CDS archive(s) not mapped
Compressed class space mapped at: 0x0000000100000000-0x0000000140000000, reserved size: 1073741824
Narrow klass base: 0x0000000000000000, Narrow klass shift: 3, Narrow klass range: 0x140000000

GC Precious Log:
 CardTable entry size: 512
 Card Set container configuration: InlinePtr #cards 5 size 8 Array Of Cards #cards 12 size 40 Howl #buckets 4 coarsen threshold 1843 Howl Bitmap #cards 512 size 80 coarsen threshold 460 Card regions per heap region 1 cards per card region 2048
 CPUs: 8 total, 8 available
 Memory: 7952M
 Large Page Support: Disabled
 NUMA Support: Disabled
 Compressed Oops: Enabled (32-bit)
 Heap Region Size: 1M
 Heap Min Capacity: 8M
 Heap Initial Capacity: 126M
 Heap Max Capacity: 1990M
 Pre-touch: Disabled
 Parallel Workers: 8
 Concurrent Workers: 2
 Concurrent Refinement Workers: 8
 Periodic GC: Disabled

Heap:
 garbage-first heap   total 112640K, used 68930K [0x0000000083a00000, 0x0000000100000000)
  region size 1024K, 7 young (7168K), 4 survivors (4096K)
 Metaspace       used 83915K, committed 84672K, reserved 1179648K
  class space    used 9165K, committed 9536K, reserved 1048576K

Heap Regions: E=young(eden), S=young(survivor), O=old, HS=humongous(starts), HC=humongous(continues), CS=collection set, F=free, TAMS=top-at-mark-start, PB=parsable bottom
|   0|0x0000000083a00000, 0x0000000083b00000, 0x0000000083b00000|100%|HS|  |TAMS 0x0000000083b00000| PB 0x0000000083a00000| Complete 
|   1|0x0000000083b00000, 0x0000000083c00000, 0x0000000083c00000|100%|HC|  |TAMS 0x0000000083c00000| PB 0x0000000083b00000| Complete 
|   2|0x0000000083c00000, 0x0000000083d00000, 0x0000000083d00000|100%|HC|  |TAMS 0x0000000083d00000| PB 0x0000000083c00000| Complete 
|   3|0x0000000083d00000, 0x0000000083e00000, 0x0000000083e00000|100%|HC|  |TAMS 0x0000000083e00000| PB 0x0000000083d00000| Complete 
|   4|0x0000000083e00000, 0x0000000083f00000, 0x0000000083f00000|100%| O|  |TAMS 0x0000000083f00000| PB 0x0000000083f00000| Untracked 
|   5|0x0000000083f00000, 0x0000000084000000, 0x0000000084000000|100%| O|  |TAMS 0x0000000084000000| PB 0x0000000084000000| Untracked 
|   6|0x0000000084000000, 0x0000000084100000, 0x0000000084100000|100%| O|  |TAMS 0x0000000084100000| PB 0x0000000084100000| Untracked 
|   7|0x0000000084100000, 0x0000000084200000, 0x0000000084200000|100%| O|  |TAMS 0x0000000084200000| PB 0x0000000084200000| Untracked 
|   8|0x0000000084200000, 0x0000000084300000, 0x0000000084300000|100%| O|  |TAMS 0x0000000084300000| PB 0x0000000084300000| Untracked 
|   9|0x0000000084300000, 0x0000000084400000, 0x0000000084400000|100%| O|  |TAMS 0x0000000084400000| PB 0x0000000084400000| Untracked 
|  10|0x0000000084400000, 0x0000000084500000, 0x0000000084500000|100%| O|  |TAMS 0x0000000084500000| PB 0x0000000084500000| Untracked 
|  11|0x0000000084500000, 0x0000000084600000, 0x0000000084600000|100%| O|  |TAMS 0x0000000084600000| PB 0x0000000084600000| Updating 
|  12|0x0000000084600000, 0x0000000084700000, 0x0000000084700000|100%| O|  |TAMS 0x0000000084700000| PB 0x0000000084700000| Untracked 
|  13|0x0000000084700000, 0x0000000084800000, 0x0000000084800000|100%| O|  |TAMS 0x0000000084800000| PB 0x0000000084800000| Untracked 
|  14|0x0000000084800000, 0x0000000084900000, 0x0000000084900000|100%| O|  |TAMS 0x0000000084900000| PB 0x0000000084900000| Untracked 
|  15|0x0000000084900000, 0x0000000084a00000, 0x0000000084a00000|100%| O|  |TAMS 0x0000000084a00000| PB 0x0000000084a00000| Untracked 
|  16|0x0000000084a00000, 0x0000000084b00000, 0x0000000084b00000|100%| O|  |TAMS 0x0000000084b00000| PB 0x0000000084b00000| Untracked 
|  17|0x0000000084b00000, 0x0000000084c00000, 0x0000000084c00000|100%| O|  |TAMS 0x0000000084c00000| PB 0x0000000084c00000| Untracked 
|  18|0x0000000084c00000, 0x0000000084d00000, 0x0000000084d00000|100%| O|  |TAMS 0x0000000084d00000| PB 0x0000000084d00000| Untracked 
|  19|0x0000000084d00000, 0x0000000084e00000, 0x0000000084e00000|100%|HS|  |TAMS 0x0000000084e00000| PB 0x0000000084d00000| Complete 
|  20|0x0000000084e00000, 0x0000000084f00000, 0x0000000084f00000|100%|HC|  |TAMS 0x0000000084f00000| PB 0x0000000084e00000| Complete 
|  21|0x0000000084f00000, 0x0000000085000000, 0x0000000085000000|100%| O|  |TAMS 0x0000000085000000| PB 0x0000000085000000| Untracked 
|  22|0x0000000085000000, 0x0000000085100000, 0x0000000085100000|100%| O|  |TAMS 0x0000000085100000| PB 0x0000000085100000| Updating 
|  23|0x0000000085100000, 0x0000000085200000, 0x0000000085200000|100%| O|  |TAMS 0x0000000085200000| PB 0x0000000085200000| Untracked 
|  24|0x0000000085200000, 0x0000000085300000, 0x0000000085300000|100%| O|  |TAMS 0x0000000085300000| PB 0x0000000085300000| Untracked 
|  25|0x0000000085300000, 0x0000000085400000, 0x0000000085400000|100%| O|  |TAMS 0x0000000085400000| PB 0x0000000085400000| Updating 
|  26|0x0000000085400000, 0x0000000085500000, 0x0000000085500000|100%| O|  |TAMS 0x0000000085500000| PB 0x0000000085500000| Untracked 
|  27|0x0000000085500000, 0x0000000085600000, 0x0000000085600000|100%| O|  |TAMS 0x0000000085600000| PB 0x0000000085600000| Untracked 
|  28|0x0000000085600000, 0x0000000085700000, 0x0000000085700000|100%| O|  |TAMS 0x0000000085700000| PB 0x0000000085700000| Updating 
|  29|0x0000000085700000, 0x0000000085800000, 0x0000000085800000|100%| O|  |TAMS 0x0000000085800000| PB 0x0000000085800000| Untracked 
|  30|0x0000000085800000, 0x0000000085900000, 0x0000000085900000|100%| O|  |TAMS 0x0000000085900000| PB 0x0000000085900000| Untracked 
|  31|0x0000000085900000, 0x0000000085a00000, 0x0000000085a00000|100%| O|  |TAMS 0x0000000085a00000| PB 0x0000000085a00000| Updating 
|  32|0x0000000085a00000, 0x0000000085b00000, 0x0000000085b00000|100%| O|  |TAMS 0x0000000085b00000| PB 0x0000000085b00000| Updating 
|  33|0x0000000085b00000, 0x0000000085c00000, 0x0000000085c00000|100%| O|  |TAMS 0x0000000085c00000| PB 0x0000000085c00000| Untracked 
|  34|0x0000000085c00000, 0x0000000085d00000, 0x0000000085d00000|100%| O|  |TAMS 0x0000000085d00000| PB 0x0000000085d00000| Untracked 
|  35|0x0000000085d00000, 0x0000000085e00000, 0x0000000085e00000|100%| O|  |TAMS 0x0000000085e00000| PB 0x0000000085e00000| Untracked 
|  36|0x0000000085e00000, 0x0000000085f00000, 0x0000000085f00000|100%| O|  |TAMS 0x0000000085f00000| PB 0x0000000085f00000| Updating 
|  37|0x0000000085f00000, 0x0000000086000000, 0x0000000086000000|100%| O|  |TAMS 0x0000000086000000| PB 0x0000000086000000| Untracked 
|  38|0x0000000086000000, 0x0000000086100000, 0x0000000086100000|100%| O|  |TAMS 0x0000000086100000| PB 0x0000000086100000| Untracked 
|  39|0x0000000086100000, 0x0000000086200000, 0x0000000086200000|100%| O|  |TAMS 0x0000000086200000| PB 0x0000000086200000| Untracked 
|  40|0x0000000086200000, 0x0000000086300000, 0x0000000086300000|100%| O|  |TAMS 0x0000000086300000| PB 0x0000000086300000| Untracked 
|  41|0x0000000086300000, 0x0000000086400000, 0x0000000086400000|100%| O|  |TAMS 0x0000000086300000| PB 0x0000000086300000| Untracked 
|  42|0x0000000086400000, 0x0000000086500000, 0x0000000086500000|100%| O|  |TAMS 0x0000000086500000| PB 0x0000000086500000| Untracked 
|  43|0x0000000086500000, 0x0000000086600000, 0x0000000086600000|100%| O|  |TAMS 0x0000000086500000| PB 0x0000000086500000| Untracked 
|  44|0x0000000086600000, 0x0000000086700000, 0x0000000086700000|100%| O|  |TAMS 0x0000000086700000| PB 0x0000000086700000| Untracked 
|  45|0x0000000086700000, 0x0000000086800000, 0x0000000086800000|100%| O|  |TAMS 0x0000000086800000| PB 0x0000000086800000| Untracked 
|  46|0x0000000086800000, 0x0000000086900000, 0x0000000086900000|100%| O|  |TAMS 0x0000000086900000| PB 0x0000000086900000| Untracked 
|  47|0x0000000086900000, 0x0000000086a00000, 0x0000000086a00000|100%| O|  |TAMS 0x0000000086a00000| PB 0x0000000086a00000| Untracked 
|  48|0x0000000086a00000, 0x0000000086b00000, 0x0000000086b00000|100%| O|  |TAMS 0x0000000086b00000| PB 0x0000000086b00000| Untracked 
|  49|0x0000000086b00000, 0x0000000086c00000, 0x0000000086c00000|100%| O|  |TAMS 0x0000000086c00000| PB 0x0000000086c00000| Untracked 
|  50|0x0000000086c00000, 0x0000000086d00000, 0x0000000086d00000|100%| O|  |TAMS 0x0000000086d00000| PB 0x0000000086d00000| Updating 
|  51|0x0000000086d00000, 0x0000000086e00000, 0x0000000086e00000|100%| O|  |TAMS 0x0000000086e00000| PB 0x0000000086e00000| Updating 
|  52|0x0000000086e00000, 0x0000000086f00000, 0x0000000086f00000|100%| O|  |TAMS 0x0000000086f00000| PB 0x0000000086f00000| Updating 
|  53|0x0000000086f00000, 0x0000000087000000, 0x0000000087000000|100%| O|  |TAMS 0x0000000087000000| PB 0x0000000087000000| Updating 
|  54|0x0000000087000000, 0x0000000087100000, 0x0000000087100000|100%| O|  |TAMS 0x0000000087100000| PB 0x0000000087100000| Untracked 
|  55|0x0000000087100000, 0x0000000087200000, 0x0000000087200000|100%| O|  |TAMS 0x0000000087200000| PB 0x0000000087200000| Untracked 
|  56|0x0000000087200000, 0x0000000087300000, 0x0000000087300000|100%| O|  |TAMS 0x0000000087300000| PB 0x0000000087300000| Untracked 
|  57|0x0000000087300000, 0x0000000087400000, 0x0000000087400000|100%| O|  |TAMS 0x0000000087400000| PB 0x0000000087400000| Untracked 
|  58|0x0000000087400000, 0x0000000087500000, 0x0000000087500000|100%| O|  |TAMS 0x0000000087500000| PB 0x0000000087500000| Updating 
|  59|0x0000000087500000, 0x0000000087600000, 0x0000000087600000|100%| O|  |TAMS 0x0000000087600000| PB 0x0000000087600000| Updating 
|  60|0x0000000087600000, 0x0000000087700000, 0x0000000087700000|100%| O|  |TAMS 0x0000000087656260| PB 0x0000000087656260| Updating 
|  61|0x0000000087700000, 0x0000000087780000, 0x0000000087800000| 50%| O|  |TAMS 0x0000000087700000| PB 0x0000000087700000| Updating 
|  62|0x0000000087800000, 0x0000000087800000, 0x0000000087900000|  0%| F|  |TAMS 0x0000000087800000| PB 0x0000000087800000| Untracked 
|  63|0x0000000087900000, 0x0000000087900000, 0x0000000087a00000|  0%| F|  |TAMS 0x0000000087900000| PB 0x0000000087900000| Untracked 
|  64|0x0000000087a00000, 0x0000000087a00000, 0x0000000087b00000|  0%| F|  |TAMS 0x0000000087a00000| PB 0x0000000087a00000| Untracked 
|  65|0x0000000087b00000, 0x0000000087b00000, 0x0000000087c00000|  0%| F|  |TAMS 0x0000000087b00000| PB 0x0000000087b00000| Untracked 
|  66|0x0000000087c00000, 0x0000000087c00000, 0x0000000087d00000|  0%| F|  |TAMS 0x0000000087c00000| PB 0x0000000087c00000| Untracked 
|  67|0x0000000087d00000, 0x0000000087d00000, 0x0000000087e00000|  0%| F|  |TAMS 0x0000000087d00000| PB 0x0000000087d00000| Untracked 
|  68|0x0000000087e00000, 0x0000000087ed0a30, 0x0000000087f00000| 81%| S|CS|TAMS 0x0000000087e00000| PB 0x0000000087e00000| Complete 
|  69|0x0000000087f00000, 0x0000000088000000, 0x0000000088000000|100%| S|CS|TAMS 0x0000000087f00000| PB 0x0000000087f00000| Complete 
|  70|0x0000000088000000, 0x0000000088100000, 0x0000000088100000|100%| S|CS|TAMS 0x0000000088000000| PB 0x0000000088000000| Complete 
|  71|0x0000000088100000, 0x0000000088100000, 0x0000000088200000|  0%| F|  |TAMS 0x0000000088100000| PB 0x0000000088100000| Untracked 
|  72|0x0000000088200000, 0x0000000088200000, 0x0000000088300000|  0%| F|  |TAMS 0x0000000088200000| PB 0x0000000088200000| Untracked 
|  73|0x0000000088300000, 0x0000000088300000, 0x0000000088400000|  0%| F|  |TAMS 0x0000000088300000| PB 0x0000000088300000| Untracked 
|  74|0x0000000088400000, 0x0000000088500000, 0x0000000088500000|100%| S|CS|TAMS 0x0000000088400000| PB 0x0000000088400000| Complete 
|  75|0x0000000088500000, 0x0000000088500000, 0x0000000088600000|  0%| F|  |TAMS 0x0000000088500000| PB 0x0000000088500000| Untracked 
|  76|0x0000000088600000, 0x0000000088600000, 0x0000000088700000|  0%| F|  |TAMS 0x0000000088600000| PB 0x0000000088600000| Untracked 
|  77|0x0000000088700000, 0x0000000088700000, 0x0000000088800000|  0%| F|  |TAMS 0x0000000088700000| PB 0x0000000088700000| Untracked 
|  78|0x0000000088800000, 0x0000000088800000, 0x0000000088900000|  0%| F|  |TAMS 0x0000000088800000| PB 0x0000000088800000| Untracked 
|  79|0x0000000088900000, 0x0000000088900000, 0x0000000088a00000|  0%| F|  |TAMS 0x0000000088900000| PB 0x0000000088900000| Untracked 
|  80|0x0000000088a00000, 0x0000000088a00000, 0x0000000088b00000|  0%| F|  |TAMS 0x0000000088a00000| PB 0x0000000088a00000| Untracked 
|  81|0x0000000088b00000, 0x0000000088b00000, 0x0000000088c00000|  0%| F|  |TAMS 0x0000000088b00000| PB 0x0000000088b00000| Untracked 
|  82|0x0000000088c00000, 0x0000000088c00000, 0x0000000088d00000|  0%| F|  |TAMS 0x0000000088c00000| PB 0x0000000088c00000| Untracked 
|  83|0x0000000088d00000, 0x0000000088d00000, 0x0000000088e00000|  0%| F|  |TAMS 0x0000000088d00000| PB 0x0000000088d00000| Untracked 
|  84|0x0000000088e00000, 0x0000000088e00000, 0x0000000088f00000|  0%| F|  |TAMS 0x0000000088e00000| PB 0x0000000088e00000| Untracked 
|  85|0x0000000088f00000, 0x0000000088f00000, 0x0000000089000000|  0%| F|  |TAMS 0x0000000088f00000| PB 0x0000000088f00000| Untracked 
|  86|0x0000000089000000, 0x0000000089000000, 0x0000000089100000|  0%| F|  |TAMS 0x0000000089000000| PB 0x0000000089000000| Untracked 
|  87|0x0000000089100000, 0x0000000089100000, 0x0000000089200000|  0%| F|  |TAMS 0x0000000089100000| PB 0x0000000089100000| Untracked 
|  88|0x0000000089200000, 0x0000000089200000, 0x0000000089300000|  0%| F|  |TAMS 0x0000000089200000| PB 0x0000000089200000| Untracked 
|  89|0x0000000089300000, 0x0000000089300000, 0x0000000089400000|  0%| F|  |TAMS 0x0000000089300000| PB 0x0000000089300000| Untracked 
|  90|0x0000000089400000, 0x0000000089400000, 0x0000000089500000|  0%| F|  |TAMS 0x0000000089400000| PB 0x0000000089400000| Untracked 
|  91|0x0000000089500000, 0x0000000089500000, 0x0000000089600000|  0%| F|  |TAMS 0x0000000089500000| PB 0x0000000089500000| Untracked 
|  92|0x0000000089600000, 0x0000000089600000, 0x0000000089700000|  0%| F|  |TAMS 0x0000000089600000| PB 0x0000000089600000| Untracked 
|  93|0x0000000089700000, 0x0000000089700000, 0x0000000089800000|  0%| F|  |TAMS 0x0000000089700000| PB 0x0000000089700000| Untracked 
|  94|0x0000000089800000, 0x0000000089800000, 0x0000000089900000|  0%| F|  |TAMS 0x0000000089800000| PB 0x0000000089800000| Untracked 
|  95|0x0000000089900000, 0x0000000089900000, 0x0000000089a00000|  0%| F|  |TAMS 0x0000000089900000| PB 0x0000000089900000| Untracked 
|  96|0x0000000089a00000, 0x0000000089a00000, 0x0000000089b00000|  0%| F|  |TAMS 0x0000000089a00000| PB 0x0000000089a00000| Untracked 
|  97|0x0000000089b00000, 0x0000000089b00000, 0x0000000089c00000|  0%| F|  |TAMS 0x0000000089b00000| PB 0x0000000089b00000| Untracked 
|  98|0x0000000089c00000, 0x0000000089c00000, 0x0000000089d00000|  0%| F|  |TAMS 0x0000000089c00000| PB 0x0000000089c00000| Untracked 
|  99|0x0000000089d00000, 0x0000000089d00000, 0x0000000089e00000|  0%| F|  |TAMS 0x0000000089d00000| PB 0x0000000089d00000| Untracked 
| 100|0x0000000089e00000, 0x0000000089e00000, 0x0000000089f00000|  0%| F|  |TAMS 0x0000000089e00000| PB 0x0000000089e00000| Untracked 
| 101|0x0000000089f00000, 0x0000000089f00000, 0x000000008a000000|  0%| F|  |TAMS 0x0000000089f00000| PB 0x0000000089f00000| Untracked 
| 102|0x000000008a000000, 0x000000008a000000, 0x000000008a100000|  0%| F|  |TAMS 0x000000008a000000| PB 0x000000008a000000| Untracked 
| 103|0x000000008a100000, 0x000000008a100000, 0x000000008a200000|  0%| F|  |TAMS 0x000000008a100000| PB 0x000000008a100000| Untracked 
| 104|0x000000008a200000, 0x000000008a200000, 0x000000008a300000|  0%| F|  |TAMS 0x000000008a200000| PB 0x000000008a200000| Untracked 
| 105|0x000000008a300000, 0x000000008a300000, 0x000000008a400000|  0%| F|  |TAMS 0x000000008a300000| PB 0x000000008a300000| Untracked 
| 106|0x000000008a400000, 0x000000008a400000, 0x000000008a500000|  0%| F|  |TAMS 0x000000008a400000| PB 0x000000008a400000| Untracked 
| 107|0x000000008a500000, 0x000000008a597eb0, 0x000000008a600000| 59%| E|  |TAMS 0x000000008a500000| PB 0x000000008a500000| Complete 
| 108|0x000000008a600000, 0x000000008a700000, 0x000000008a700000|100%| E|CS|TAMS 0x000000008a600000| PB 0x000000008a600000| Complete 
| 125|0x000000008b700000, 0x000000008b800000, 0x000000008b800000|100%| E|CS|TAMS 0x000000008b700000| PB 0x000000008b700000| Complete 

Card table byte_map: [0x000002756f320000,0x000002756f710000] _byte_map_base: 0x000002756ef03000

Marking Bits: (CMBitMap*) 0x000002755cb0c0b0
 Bits: [0x000002756f710000, 0x0000027571628000)

Polling page: 0x000002755aaa0000

Metaspace:

Usage:
  Non-class:     73.00 MB used.
      Class:      8.95 MB used.
       Both:     81.95 MB used.

Virtual space:
  Non-class space:      128.00 MB reserved,      73.38 MB ( 57%) committed,  2 nodes.
      Class space:        1.00 GB reserved,       9.31 MB ( <1%) committed,  1 nodes.
             Both:        1.12 GB reserved,      82.69 MB (  7%) committed. 

Chunk freelists:
   Non-Class:  6.08 MB
       Class:  6.70 MB
        Both:  12.78 MB

MaxMetaspaceSize: unlimited
CompressedClassSpaceSize: 1.00 GB
Initial GC threshold: 21.00 MB
Current GC threshold: 112.19 MB
CDS: off
 - commit_granule_bytes: 65536.
 - commit_granule_words: 8192.
 - virtual_space_node_default_size: 8388608.
 - enlarge_chunks_in_place: 1.
 - use_allocation_guard: 0.


Internal statistics:

num_allocs_failed_limit: 6.
num_arena_births: 1306.
num_arena_deaths: 0.
num_vsnodes_births: 3.
num_vsnodes_deaths: 0.
num_space_committed: 1321.
num_space_uncommitted: 0.
num_chunks_returned_to_freelist: 6.
num_chunks_taken_from_freelist: 4134.
num_chunk_merges: 6.
num_chunk_splits: 3229.
num_chunks_enlarged: 2600.
num_inconsistent_stats: 0.

CodeHeap 'non-profiled nmethods': size=120000Kb used=6044Kb max_used=6660Kb free=113955Kb
 bounds [0x00000275676d0000, 0x0000027567d60000, 0x000002756ec00000]
CodeHeap 'profiled nmethods': size=120000Kb used=30829Kb max_used=34252Kb free=89170Kb
 bounds [0x000002755fc00000, 0x0000027561d80000, 0x0000027567130000]
CodeHeap 'non-nmethods': size=5760Kb used=1741Kb max_used=1867Kb free=4018Kb
 bounds [0x0000027567130000, 0x00000275673a0000, 0x00000275676d0000]
 total_blobs=11731 nmethods=10971 adapters=661
 compilation: enabled
              stopped_count=0, restarted_count=0
 full_count=0

Compilation events (20 events):
Event: 12.415 Thread 0x000002757424af90 12713       3       org.jetbrains.org.objectweb.asm.tree.InsnList::indexOf (20 bytes)
Event: 12.416 Thread 0x000002757424af90 nmethod 12713 0x0000027561d6fe10 code [0x0000027561d6ffc0, 0x0000027561d701c0]
Event: 12.416 Thread 0x000002757424af90 12716       3       org.jetbrains.org.objectweb.asm.tree.InsnList::toArray (41 bytes)
Event: 12.416 Thread 0x000002757424af90 nmethod 12716 0x0000027561d70290 code [0x0000027561d70440, 0x0000027561d70820]
Event: 12.416 Thread 0x000002757424af90 12712       3       org.jetbrains.kotlin.codegen.optimization.common.InstructionLivenessAnalyzer::visitControlFlowEdge (62 bytes)
Event: 12.416 Thread 0x000002757424af90 nmethod 12712 0x0000027561d70990 code [0x0000027561d70b40, 0x0000027561d70dc0]
Event: 12.416 Thread 0x000002757424af90 12717       3       org.jetbrains.kotlin.codegen.optimization.common.UtilKt::isStoreOperation (33 bytes)
Event: 12.417 Thread 0x000002757424af90 nmethod 12717 0x0000027561d70f90 code [0x0000027561d711c0, 0x0000027561d71868]
Event: 12.417 Thread 0x000002757424af90 12715       1       org.jetbrains.org.objectweb.asm.tree.JumpInsnNode::getType (3 bytes)
Event: 12.417 Thread 0x000002757424af90 nmethod 12715 0x0000027567d50410 code [0x0000027567d505a0, 0x0000027567d50668]
Event: 12.417 Thread 0x000002757424af90 12719       3       org.jetbrains.org.objectweb.asm.tree.AbstractInsnNode::acceptAnnotations (141 bytes)
Event: 12.418 Thread 0x000002757424af90 nmethod 12719 0x0000027561d71b10 code [0x0000027561d71d80, 0x0000027561d72890]
Event: 12.418 Thread 0x000002757424af90 12718       3       org.jetbrains.org.objectweb.asm.tree.LabelNode::getLabel (23 bytes)
Event: 12.418 Thread 0x000002757424af90 nmethod 12718 0x0000027561d72b90 code [0x0000027561d72d40, 0x0000027561d73008]
Event: 12.429 Thread 0x000002757d06d8e0 12720       4       jdk.internal.loader.BuiltinClassLoader::loadClassOrNull (7 bytes)
Event: 12.431 Thread 0x000002757d06d8e0 nmethod 12720 0x0000027567d50710 code [0x0000027567d50900, 0x0000027567d50ce0]
Event: 12.434 Thread 0x000002757424af90 12721       3       kotlin.collections.EmptyList::equals (25 bytes)
Event: 12.434 Thread 0x000002757424af90 nmethod 12721 0x0000027561d73110 code [0x0000027561d732e0, 0x0000027561d73738]
Event: 12.435 Thread 0x000002757424af90 12722       3       java.lang.StringLatin1::getChar (9 bytes)
Event: 12.435 Thread 0x000002757424af90 nmethod 12722 0x0000027561d73810 code [0x0000027561d739a0, 0x0000027561d73ac0]

GC Heap History (20 events):
Event: 5.805 GC heap before
{Heap before GC invocations=17 (full 0):
 garbage-first heap   total 56320K, used 48500K [0x0000000083a00000, 0x0000000100000000)
  region size 1024K, 16 young (16384K), 3 survivors (3072K)
 Metaspace       used 54032K, committed 54784K, reserved 1114112K
  class space    used 6358K, committed 6720K, reserved 1048576K
}
Event: 5.819 GC heap after
{Heap after GC invocations=18 (full 0):
 garbage-first heap   total 76800K, used 37888K [0x0000000083a00000, 0x0000000100000000)
  region size 1024K, 2 young (2048K), 2 survivors (2048K)
 Metaspace       used 54032K, committed 54784K, reserved 1114112K
  class space    used 6358K, committed 6720K, reserved 1048576K
}
Event: 6.239 GC heap before
{Heap before GC invocations=19 (full 0):
 garbage-first heap   total 76800K, used 64512K [0x0000000083a00000, 0x0000000100000000)
  region size 1024K, 28 young (28672K), 2 survivors (2048K)
 Metaspace       used 54387K, committed 55168K, reserved 1114112K
  class space    used 6380K, committed 6784K, reserved 1048576K
}
Event: 6.254 GC heap after
{Heap after GC invocations=20 (full 0):
 garbage-first heap   total 76800K, used 41937K [0x0000000083a00000, 0x0000000100000000)
  region size 1024K, 4 young (4096K), 4 survivors (4096K)
 Metaspace       used 54387K, committed 55168K, reserved 1114112K
  class space    used 6380K, committed 6784K, reserved 1048576K
}
Event: 6.983 GC heap before
{Heap before GC invocations=20 (full 0):
 garbage-first heap   total 76800K, used 65489K [0x0000000083a00000, 0x0000000100000000)
  region size 1024K, 27 young (27648K), 4 survivors (4096K)
 Metaspace       used 58838K, committed 59584K, reserved 1114112K
  class space    used 6976K, committed 7360K, reserved 1048576K
}
Event: 6.998 GC heap after
{Heap after GC invocations=21 (full 0):
 garbage-first heap   total 76800K, used 45056K [0x0000000083a00000, 0x0000000100000000)
  region size 1024K, 3 young (3072K), 3 survivors (3072K)
 Metaspace       used 58838K, committed 59584K, reserved 1114112K
  class space    used 6976K, committed 7360K, reserved 1048576K
}
Event: 7.731 GC heap before
{Heap before GC invocations=21 (full 0):
 garbage-first heap   total 76800K, used 67584K [0x0000000083a00000, 0x0000000100000000)
  region size 1024K, 25 young (25600K), 3 survivors (3072K)
 Metaspace       used 60837K, committed 61568K, reserved 1114112K
  class space    used 7184K, committed 7552K, reserved 1048576K
}
Event: 7.745 GC heap after
{Heap after GC invocations=22 (full 0):
 garbage-first heap   total 76800K, used 49152K [0x0000000083a00000, 0x0000000100000000)
  region size 1024K, 4 young (4096K), 4 survivors (4096K)
 Metaspace       used 60837K, committed 61568K, reserved 1114112K
  class space    used 7184K, committed 7552K, reserved 1048576K
}
Event: 8.373 GC heap before
{Heap before GC invocations=23 (full 0):
 garbage-first heap   total 89088K, used 67584K [0x0000000083a00000, 0x0000000100000000)
  region size 1024K, 22 young (22528K), 4 survivors (4096K)
 Metaspace       used 61799K, committed 62592K, reserved 1114112K
  class space    used 7239K, committed 7616K, reserved 1048576K
}
Event: 8.393 GC heap after
{Heap after GC invocations=24 (full 0):
 garbage-first heap   total 89088K, used 51812K [0x0000000083a00000, 0x0000000100000000)
  region size 1024K, 3 young (3072K), 3 survivors (3072K)
 Metaspace       used 61799K, committed 62592K, reserved 1114112K
  class space    used 7239K, committed 7616K, reserved 1048576K
}
Event: 9.599 GC heap before
{Heap before GC invocations=24 (full 0):
 garbage-first heap   total 89088K, used 77412K [0x0000000083a00000, 0x0000000100000000)
  region size 1024K, 28 young (28672K), 3 survivors (3072K)
 Metaspace       used 63534K, committed 64320K, reserved 1114112K
  class space    used 7303K, committed 7680K, reserved 1048576K
}
Event: 9.621 GC heap after
{Heap after GC invocations=25 (full 0):
 garbage-first heap   total 89088K, used 54818K [0x0000000083a00000, 0x0000000100000000)
  region size 1024K, 4 young (4096K), 4 survivors (4096K)
 Metaspace       used 63534K, committed 64320K, reserved 1114112K
  class space    used 7303K, committed 7680K, reserved 1048576K
}
Event: 10.126 GC heap before
{Heap before GC invocations=25 (full 0):
 garbage-first heap   total 89088K, used 77346K [0x0000000083a00000, 0x0000000100000000)
  region size 1024K, 27 young (27648K), 4 survivors (4096K)
 Metaspace       used 67383K, committed 68160K, reserved 1114112K
  class space    used 7645K, committed 8000K, reserved 1048576K
}
Event: 10.136 GC heap after
{Heap after GC invocations=26 (full 0):
 garbage-first heap   total 112640K, used 56352K [0x0000000083a00000, 0x0000000100000000)
  region size 1024K, 2 young (2048K), 2 survivors (2048K)
 Metaspace       used 67383K, committed 68160K, reserved 1114112K
  class space    used 7645K, committed 8000K, reserved 1048576K
}
Event: 11.062 GC heap before
{Heap before GC invocations=27 (full 0):
 garbage-first heap   total 112640K, used 95264K [0x0000000083a00000, 0x0000000100000000)
  region size 1024K, 41 young (41984K), 2 survivors (2048K)
 Metaspace       used 73842K, committed 74624K, reserved 1179648K
  class space    used 8271K, committed 8640K, reserved 1048576K
}
Event: 11.085 GC heap after
{Heap after GC invocations=28 (full 0):
 garbage-first heap   total 112640K, used 60516K [0x0000000083a00000, 0x0000000100000000)
  region size 1024K, 6 young (6144K), 6 survivors (6144K)
 Metaspace       used 73842K, committed 74624K, reserved 1179648K
  class space    used 8271K, committed 8640K, reserved 1048576K
}
Event: 11.810 GC heap before
{Heap before GC invocations=28 (full 0):
 garbage-first heap   total 112640K, used 97380K [0x0000000083a00000, 0x0000000100000000)
  region size 1024K, 42 young (43008K), 6 survivors (6144K)
 Metaspace       used 80305K, committed 81088K, reserved 1179648K
  class space    used 8890K, committed 9280K, reserved 1048576K
}
Event: 11.833 GC heap after
{Heap after GC invocations=29 (full 0):
 garbage-first heap   total 112640K, used 62808K [0x0000000083a00000, 0x0000000100000000)
  region size 1024K, 3 young (3072K), 3 survivors (3072K)
 Metaspace       used 80305K, committed 81088K, reserved 1179648K
  class space    used 8890K, committed 9280K, reserved 1048576K
}
Event: 12.344 GC heap before
{Heap before GC invocations=29 (full 0):
 garbage-first heap   total 112640K, used 98648K [0x0000000083a00000, 0x0000000100000000)
  region size 1024K, 38 young (38912K), 3 survivors (3072K)
 Metaspace       used 83129K, committed 83904K, reserved 1179648K
  class space    used 9084K, committed 9472K, reserved 1048576K
}
Event: 12.359 GC heap after
{Heap after GC invocations=30 (full 0):
 garbage-first heap   total 112640K, used 66882K [0x0000000083a00000, 0x0000000100000000)
  region size 1024K, 4 young (4096K), 4 survivors (4096K)
 Metaspace       used 83129K, committed 83904K, reserved 1179648K
  class space    used 9084K, committed 9472K, reserved 1048576K
}

Dll operation events (3 events):
Event: 0.011 Loaded shared library C:\Program Files\Android\Android Studio\jbr\bin\java.dll
Event: 0.020 Loaded shared library C:\Program Files\Android\Android Studio\jbr\bin\zip.dll
Event: 1.053 Loaded shared library C:\Program Files\Android\Android Studio\jbr\bin\verify.dll

Deoptimization events (20 events):
Event: 12.402 Thread 0x000002755a7dd630 Uncommon trap: trap_request=0xffffffc6 fr.pc=0x00000275679322ec relative=0x000000000000088c
Event: 12.402 Thread 0x000002755a7dd630 Uncommon trap: reason=bimorphic_or_optimized_type_check action=maybe_recompile pc=0x00000275679322ec method=java.util.regex.Matcher.search(I)Z @ 121 c2
Event: 12.402 Thread 0x000002755a7dd630 DEOPT PACKING pc=0x00000275679322ec sp=0x00000088e2dfcee0
Event: 12.402 Thread 0x000002755a7dd630 DEOPT UNPACKING pc=0x00000275671846a2 sp=0x00000088e2dfcea0 mode 2
Event: 12.404 Thread 0x000002755a7dd630 Uncommon trap: trap_request=0xffffffc6 fr.pc=0x00000275679322ec relative=0x000000000000088c
Event: 12.404 Thread 0x000002755a7dd630 Uncommon trap: reason=bimorphic_or_optimized_type_check action=maybe_recompile pc=0x00000275679322ec method=java.util.regex.Matcher.search(I)Z @ 121 c2
Event: 12.404 Thread 0x000002755a7dd630 DEOPT PACKING pc=0x00000275679322ec sp=0x00000088e2dfcdb0
Event: 12.404 Thread 0x000002755a7dd630 DEOPT UNPACKING pc=0x00000275671846a2 sp=0x00000088e2dfcd70 mode 2
Event: 12.422 Thread 0x000002755a7dd630 Uncommon trap: trap_request=0xffffff45 fr.pc=0x00000275679c5140 relative=0x00000000000000a0
Event: 12.422 Thread 0x000002755a7dd630 Uncommon trap: reason=unstable_if action=reinterpret pc=0x00000275679c5140 method=java.lang.StringLatin1.lastIndexOf([BI[BII)I @ 32 c2
Event: 12.422 Thread 0x000002755a7dd630 DEOPT PACKING pc=0x00000275679c5140 sp=0x00000088e2dfdad0
Event: 12.422 Thread 0x000002755a7dd630 DEOPT UNPACKING pc=0x00000275671846a2 sp=0x00000088e2dfda28 mode 2
Event: 12.434 Thread 0x000002755a7dd630 Uncommon trap: trap_request=0xffffff45 fr.pc=0x0000027567879970 relative=0x0000000000000830
Event: 12.434 Thread 0x000002755a7dd630 Uncommon trap: reason=unstable_if action=reinterpret pc=0x0000027567879970 method=org.jetbrains.kotlin.metadata.ProtoBuf$Type.isInitialized()Z @ 7 c2
Event: 12.434 Thread 0x000002755a7dd630 DEOPT PACKING pc=0x0000027567879970 sp=0x00000088e2dfd820
Event: 12.434 Thread 0x000002755a7dd630 DEOPT UNPACKING pc=0x00000275671846a2 sp=0x00000088e2dfd7d0 mode 2
Event: 12.434 Thread 0x000002755a7dd630 Uncommon trap: trap_request=0xffffff45 fr.pc=0x0000027567a0ec08 relative=0x00000000000002c8
Event: 12.434 Thread 0x000002755a7dd630 Uncommon trap: reason=unstable_if action=reinterpret pc=0x0000027567a0ec08 method=org.jetbrains.kotlin.metadata.ProtoBuf$ValueParameter.isInitialized()Z @ 7 c2
Event: 12.434 Thread 0x000002755a7dd630 DEOPT PACKING pc=0x0000027567a0ec08 sp=0x00000088e2dfd8d0
Event: 12.434 Thread 0x000002755a7dd630 DEOPT UNPACKING pc=0x00000275671846a2 sp=0x00000088e2dfd878 mode 2

Classes loaded (20 events):
Event: 6.459 Loading class java/util/stream/Node$Builder done
Event: 6.459 Loading class java/util/stream/SpinedBuffer
Event: 6.459 Loading class java/util/stream/AbstractSpinedBuffer
Event: 6.459 Loading class java/util/stream/AbstractSpinedBuffer done
Event: 6.459 Loading class java/util/stream/SpinedBuffer done
Event: 6.459 Loading class java/util/stream/Nodes$SpinedNodeBuilder done
Event: 7.102 Loading class java/security/CodeSigner
Event: 7.102 Loading class java/security/CodeSigner done
Event: 8.680 Loading class java/util/Collections$CopiesList
Event: 8.681 Loading class java/util/Collections$CopiesList done
Event: 10.980 Loading class jdk/internal/math/FloatToDecimal
Event: 10.980 Loading class jdk/internal/math/FloatToDecimal done
Event: 10.980 Loading class jdk/internal/math/MathUtils
Event: 10.981 Loading class jdk/internal/math/MathUtils done
Event: 12.242 Loading class java/lang/TypeNotPresentException
Event: 12.242 Loading class java/lang/TypeNotPresentException done
Event: 12.327 Loading class java/util/Vector$Itr
Event: 12.328 Loading class java/util/Vector$Itr done
Event: 12.401 Loading class java/util/regex/Pattern$Dollar
Event: 12.401 Loading class java/util/regex/Pattern$Dollar done

Classes unloaded (0 events):
No events

Classes redefined (0 events):
No events

Internal exceptions (20 events):
Event: 4.710 Thread 0x000002755a7dd630 Exception <a 'java/lang/NoSuchMethodError'{0x0000000086034918}: 'int java.lang.invoke.DirectMethodHandle$Holder.invokeInterface(java.lang.Object, java.lang.Object)'> (0x0000000086034918) 
thrown [s\src\hotspot\share\interpreter\linkResolver.cpp, line 784]
Event: 4.776 Thread 0x000002755a7dd630 Exception <a 'java/lang/NoSuchMethodError'{0x00000000860e6cc0}: 'java.lang.Object java.lang.invoke.DirectMethodHandle$Holder.invokeSpecial(java.lang.Object, java.lang.Object, java.lang.Object, java.lang.Object, java.lang.Object, java.lang.Object, int)'> (0x00000000860e6cc0) 
thrown [s\src\hotspot\share\interpreter\linkResolver.cpp, line 784]
Event: 4.921 Thread 0x000002755a7dd630 Implicit null exception at 0x0000027567902820 to 0x0000027567902a34
Event: 4.921 Thread 0x000002755a7dd630 Implicit null exception at 0x00000275677742a0 to 0x00000275677744c4
Event: 4.921 Thread 0x000002755a7dd630 Implicit null exception at 0x0000027567708e40 to 0x0000027567708ec2
Event: 6.309 Thread 0x000002755a7dd630 Implicit null exception at 0x0000027567831173 to 0x0000027567831678
Event: 6.392 Thread 0x000002755a7dd630 Exception <a 'java/lang/NoSuchMethodError'{0x0000000087fc2380}: 'void java.lang.invoke.DirectMethodHandle$Holder.invokeSpecial(java.lang.Object, java.lang.Object, int, java.lang.Object)'> (0x0000000087fc2380) 
thrown [s\src\hotspot\share\interpreter\linkResolver.cpp, line 784]
Event: 6.454 Thread 0x000002755a7dd630 Exception <a 'java/lang/NoSuchMethodError'{0x0000000087d9fc58}: 'void java.lang.invoke.DirectMethodHandle$Holder.invokeInterface(java.lang.Object, java.lang.Object)'> (0x0000000087d9fc58) 
thrown [s\src\hotspot\share\interpreter\linkResolver.cpp, line 784]
Event: 6.498 Thread 0x000002755a7dd630 Exception <a 'java/lang/IncompatibleClassChangeError'{0x0000000087ca0cd0}: Found class java.lang.Object, but interface was expected> (0x0000000087ca0cd0) 
thrown [s\src\hotspot\share\interpreter\linkResolver.cpp, line 851]
Event: 6.507 Thread 0x000002755a7dd630 Implicit null exception at 0x0000027567814060 to 0x0000027567814174
Event: 7.239 Thread 0x000002755a7dd630 Exception <a 'java/lang/NoSuchMethodError'{0x0000000087fd0e80}: 'java.lang.Object java.lang.invoke.DirectMethodHandle$Holder.invokeInterface(java.lang.Object, java.lang.Object, java.lang.Object)'> (0x0000000087fd0e80) 
thrown [s\src\hotspot\share\interpreter\linkResolver.cpp, line 784]
Event: 7.239 Thread 0x000002755a7dd630 Exception <a 'java/lang/IncompatibleClassChangeError'{0x0000000087fd4518}: Found class java.lang.Object, but interface was expected> (0x0000000087fd4518) 
thrown [s\src\hotspot\share\interpreter\linkResolver.cpp, line 851]
Event: 8.031 Thread 0x000002755a7dd630 Exception <a 'java/lang/NoSuchMethodError'{0x00000000889c64a0}: 'java.lang.Object java.lang.invoke.DirectMethodHandle$Holder.newInvokeSpecial(java.lang.Object, int, java.lang.Object, java.lang.Object)'> (0x00000000889c64a0) 
thrown [s\src\hotspot\share\interpreter\linkResolver.cpp, line 784]
Event: 8.110 Thread 0x000002755a7dd630 Exception <a 'java/lang/NoSuchMethodError'{0x00000000888e0798}: 'java.lang.Object java.lang.invoke.DirectMethodHandle$Holder.invokeStatic(java.lang.Object, int, java.lang.Object)'> (0x00000000888e0798) 
thrown [s\src\hotspot\share\interpreter\linkResolver.cpp, line 784]
Event: 8.130 Thread 0x000002755a7dd630 Exception <a 'java/lang/NoSuchMethodError'{0x000000008874b540}: 'int java.lang.invoke.DirectMethodHandle$Holder.invokeStaticInit(java.lang.Object, int)'> (0x000000008874b540) 
thrown [s\src\hotspot\share\interpreter\linkResolver.cpp, line 784]
Event: 8.540 Thread 0x000002755a7dd630 Implicit null exception at 0x0000027567af01e0 to 0x0000027567af02d4
Event: 9.783 Thread 0x000002755a7dd630 Implicit null exception at 0x00000275677749a0 to 0x0000027567774bc0
Event: 10.245 Thread 0x000002755a7dd630 Exception <a 'java/lang/NoSuchMethodError'{0x000000008a286740}: 'java.lang.Object java.lang.invoke.DirectMethodHandle$Holder.newInvokeSpecial(java.lang.Object, java.lang.Object, java.lang.Object, int, int)'> (0x000000008a286740) 
thrown [s\src\hotspot\share\interpreter\linkResolver.cpp, line 784]
Event: 10.245 Thread 0x000002755a7dd630 Exception <a 'java/lang/NoSuchMethodError'{0x000000008a28a2f0}: 'java.lang.Object java.lang.invoke.DirectMethodHandle$Holder.invokeSpecial(java.lang.Object, java.lang.Object, java.lang.Object, java.lang.Object, int, int)'> (0x000000008a28a2f0) 
thrown [s\src\hotspot\share\interpreter\linkResolver.cpp, line 784]
Event: 10.261 Thread 0x000002755a7dd630 Exception <a 'java/lang/NoSuchMethodError'{0x000000008a1a06f0}: 'java.lang.Object java.lang.invoke.DirectMethodHandle$Holder.invokeSpecial(java.lang.Object, java.lang.Object, int, int, java.lang.Object, java.lang.Object, java.lang.Object, java.lang.Object, java.lang.Object)'> (0x000000008a1a06f0) 
thrown [s\src\hotspot\share\interpreter\linkResolver.cpp, line 784]

ZGC Phase Switch (0 events):
No events

VM Operations (20 events):
Event: 12.057 Executing VM operation: ICBufferFull done
Event: 12.149 Executing VM operation: ICBufferFull
Event: 12.149 Executing VM operation: ICBufferFull done
Event: 12.238 Executing VM operation: HandshakeAllThreads (Deoptimize)
Event: 12.238 Executing VM operation: HandshakeAllThreads (Deoptimize) done
Event: 12.245 Executing VM operation: HandshakeAllThreads (Deoptimize)
Event: 12.245 Executing VM operation: HandshakeAllThreads (Deoptimize) done
Event: 12.249 Executing VM operation: HandshakeAllThreads (Deoptimize)
Event: 12.249 Executing VM operation: HandshakeAllThreads (Deoptimize) done
Event: 12.250 Executing VM operation: HandshakeAllThreads (Deoptimize)
Event: 12.250 Executing VM operation: HandshakeAllThreads (Deoptimize) done
Event: 12.262 Executing VM operation: HandshakeAllThreads (Deoptimize)
Event: 12.262 Executing VM operation: HandshakeAllThreads (Deoptimize) done
Event: 12.295 Executing VM operation: HandshakeAllThreads (Deoptimize)
Event: 12.295 Executing VM operation: HandshakeAllThreads (Deoptimize) done
Event: 12.344 Executing VM operation: G1CollectForAllocation (G1 Evacuation Pause)
Event: 12.359 Executing VM operation: G1CollectForAllocation (G1 Evacuation Pause) done
Event: 12.420 Executing VM operation: HandshakeAllThreads (Deoptimize)
Event: 12.420 Executing VM operation: HandshakeAllThreads (Deoptimize) done
Event: 12.436 Executing VM operation: G1PauseRemark

Events (20 events):
Event: 12.457 Thread 0x0000027574029170 flushing nmethod 0x00000275679b6390
Event: 12.457 Thread 0x0000027574029170 flushing nmethod 0x000002756794f510
Event: 12.457 Thread 0x0000027574029170 flushing nmethod 0x0000027567968610
Event: 12.457 Thread 0x0000027574029170 flushing nmethod 0x0000027567962f90
Event: 12.457 Thread 0x0000027574029170 flushing nmethod 0x0000027567937690
Event: 12.457 Thread 0x0000027574029170 flushing nmethod 0x00000275678e3790
Event: 12.457 Thread 0x0000027574029170 flushing nmethod 0x000002756787fb10
Event: 12.457 Thread 0x0000027574029170 flushing nmethod 0x000002756786b510
Event: 12.457 Thread 0x0000027574029170 flushing nmethod 0x000002756781bc10
Event: 12.457 Thread 0x0000027574029170 flushing nmethod 0x0000027567819c10
Event: 12.457 Thread 0x0000027574029170 flushing nmethod 0x0000027567828190
Event: 12.457 Thread 0x0000027574029170 flushing nmethod 0x0000027567822990
Event: 12.457 Thread 0x0000027574029170 flushing nmethod 0x00000275677c8d90
Event: 12.457 Thread 0x0000027574029170 flushing nmethod 0x0000027567787f10
Event: 12.457 Thread 0x0000027574029170 flushing nmethod 0x0000027567774790
Event: 12.457 Thread 0x0000027574029170 flushing nmethod 0x0000027567721410
Event: 12.457 Thread 0x0000027574029170 flushing nmethod 0x000002756772b210
Event: 12.457 Thread 0x0000027574029170 flushing nmethod 0x000002756771df90
Event: 12.457 Thread 0x0000027574029170 flushing nmethod 0x0000027567719390
Event: 12.457 Thread 0x0000027574029170 flushing nmethod 0x0000027567712810


Dynamic libraries:
0x00007ff72da70000 - 0x00007ff72da7a000 	C:\Program Files\Android\Android Studio\jbr\bin\java.exe
0x00007ffb28490000 - 0x00007ffb286a7000 	C:\WINDOWS\SYSTEM32\ntdll.dll
0x00007ffb263e0000 - 0x00007ffb264a4000 	C:\WINDOWS\System32\KERNEL32.DLL
0x00007ffb25d80000 - 0x00007ffb26151000 	C:\WINDOWS\System32\KERNELBASE.dll
0x00007ffb25650000 - 0x00007ffb25761000 	C:\WINDOWS\System32\ucrtbase.dll
0x00007ffb0fb60000 - 0x00007ffb0fb7b000 	C:\Program Files\Android\Android Studio\jbr\bin\VCRUNTIME140.dll
0x00007ffb091a0000 - 0x00007ffb091b8000 	C:\Program Files\Android\Android Studio\jbr\bin\jli.dll
0x00007ffb27e50000 - 0x00007ffb28001000 	C:\WINDOWS\System32\USER32.dll
0x00007ffb258b0000 - 0x00007ffb258d6000 	C:\WINDOWS\System32\win32u.dll
0x00007ffb0e360000 - 0x00007ffb0e5f2000 	C:\WINDOWS\WinSxS\amd64_microsoft.windows.common-controls_6595b64144ccf1df_6.0.22621.4830_none_270fe7d773858e80\COMCTL32.dll
0x00007ffb261c0000 - 0x00007ffb261e9000 	C:\WINDOWS\System32\GDI32.dll
0x00007ffb25af0000 - 0x00007ffb25c0b000 	C:\WINDOWS\System32\gdi32full.dll
0x00007ffb25910000 - 0x00007ffb259aa000 	C:\WINDOWS\System32\msvcp_win.dll
0x00007ffb27250000 - 0x00007ffb272f7000 	C:\WINDOWS\System32\msvcrt.dll
0x00007ffb27040000 - 0x00007ffb27071000 	C:\WINDOWS\System32\IMM32.DLL
0x00007ffb1bb00000 - 0x00007ffb1bb0c000 	C:\Program Files\Android\Android Studio\jbr\bin\vcruntime140_1.dll
0x00007ffaf80c0000 - 0x00007ffaf814d000 	C:\Program Files\Android\Android Studio\jbr\bin\msvcp140.dll
0x00007ffacfdf0000 - 0x00007ffad0a6d000 	C:\Program Files\Android\Android Studio\jbr\bin\server\jvm.dll
0x00007ffb27080000 - 0x00007ffb27131000 	C:\WINDOWS\System32\ADVAPI32.dll
0x00007ffb27300000 - 0x00007ffb273a7000 	C:\WINDOWS\System32\sechost.dll
0x00007ffb258e0000 - 0x00007ffb25908000 	C:\WINDOWS\System32\bcrypt.dll
0x00007ffb27460000 - 0x00007ffb27574000 	C:\WINDOWS\System32\RPCRT4.dll
0x00007ffb27790000 - 0x00007ffb27801000 	C:\WINDOWS\System32\WS2_32.dll
0x00007ffb252f0000 - 0x00007ffb2533d000 	C:\WINDOWS\SYSTEM32\POWRPROF.dll
0x00007ffb1aa70000 - 0x00007ffb1aaa4000 	C:\WINDOWS\SYSTEM32\WINMM.dll
0x00007ffb1a150000 - 0x00007ffb1a15a000 	C:\WINDOWS\SYSTEM32\VERSION.dll
0x00007ffb252d0000 - 0x00007ffb252e3000 	C:\WINDOWS\SYSTEM32\UMPDC.dll
0x00007ffb245e0000 - 0x00007ffb245f8000 	C:\WINDOWS\SYSTEM32\kernel.appcore.dll
0x00007ffb19fd0000 - 0x00007ffb19fda000 	C:\Program Files\Android\Android Studio\jbr\bin\jimage.dll
0x00007ffb1fde0000 - 0x00007ffb20012000 	C:\WINDOWS\SYSTEM32\DBGHELP.DLL
0x00007ffb28010000 - 0x00007ffb283a0000 	C:\WINDOWS\System32\combase.dll
0x00007ffb26300000 - 0x00007ffb263d7000 	C:\WINDOWS\System32\OLEAUT32.dll
0x00007ffb113e0000 - 0x00007ffb11412000 	C:\WINDOWS\SYSTEM32\dbgcore.DLL
0x00007ffb255d0000 - 0x00007ffb2564b000 	C:\WINDOWS\System32\bcryptPrimitives.dll
0x00007ffb0fb10000 - 0x00007ffb0fb2f000 	C:\Program Files\Android\Android Studio\jbr\bin\java.dll
0x00007ffb0fa80000 - 0x00007ffb0fa98000 	C:\Program Files\Android\Android Studio\jbr\bin\zip.dll
0x00007ffb264b0000 - 0x00007ffb26d38000 	C:\WINDOWS\System32\SHELL32.dll
0x00007ffb259b0000 - 0x00007ffb25aef000 	C:\WINDOWS\System32\wintypes.dll
0x00007ffb234e0000 - 0x00007ffb23ded000 	C:\WINDOWS\SYSTEM32\windows.storage.dll
0x00007ffb26d40000 - 0x00007ffb26e4a000 	C:\WINDOWS\System32\SHCORE.dll
0x00007ffb26160000 - 0x00007ffb261be000 	C:\WINDOWS\System32\shlwapi.dll
0x00007ffb25500000 - 0x00007ffb2552b000 	C:\WINDOWS\SYSTEM32\profapi.dll
0x00007ffb0fde0000 - 0x00007ffb0fdf0000 	C:\Program Files\Android\Android Studio\jbr\bin\net.dll
0x00007ffb1dc40000 - 0x00007ffb1dd6c000 	C:\WINDOWS\SYSTEM32\WINHTTP.dll
0x00007ffb24a40000 - 0x00007ffb24aaa000 	C:\WINDOWS\system32\mswsock.dll
0x00007ffb0e960000 - 0x00007ffb0e976000 	C:\Program Files\Android\Android Studio\jbr\bin\nio.dll
0x00007ffb0e950000 - 0x00007ffb0e960000 	C:\Program Files\Android\Android Studio\jbr\bin\verify.dll

dbghelp: loaded successfully - version: 4.0.5 - missing functions: none
symbol engine: initialized successfully - sym options: 0x614 - pdb path: .;C:\Program Files\Android\Android Studio\jbr\bin;C:\WINDOWS\SYSTEM32;C:\WINDOWS\WinSxS\amd64_microsoft.windows.common-controls_6595b64144ccf1df_6.0.22621.4830_none_270fe7d773858e80;C:\Program Files\Android\Android Studio\jbr\bin\server

VM Arguments:
java_command: org.jetbrains.kotlin.cli.jvm.K2JVMCompiler @C:\Users\pc\AndroidStudioProjects\CFBuddy\app\build\20250401_11592768201501469268.compiler.options
java_class_path (initial): C:\Users\pc\.gradle\caches\modules-2\files-2.1\org.jetbrains.kotlin\kotlin-compiler-embeddable\1.9.24\78dab849090e6c5e2eadb6e59a11cdc28fb67a08\kotlin-compiler-embeddable-1.9.24.jar;C:\Users\pc\.gradle\caches\modules-2\files-2.1\org.jetbrains.kotlin\kotlin-stdlib\1.9.24\9928532f12c66ad816a625b3f9984f8368ca6d2b\kotlin-stdlib-1.9.24.jar;C:\Users\pc\.gradle\caches\modules-2\files-2.1\org.jetbrains.kotlin\kotlin-script-runtime\1.9.24\96771497da90fbc5af1c90fce148db2595a62502\kotlin-script-runtime-1.9.24.jar;C:\Users\pc\.gradle\caches\modules-2\files-2.1\org.jetbrains.kotlin\kotlin-reflect\1.6.10\1cbe9c92c12a94eea200d23c2bbaedaf3daf5132\kotlin-reflect-1.6.10.jar;C:\Users\pc\.gradle\caches\modules-2\files-2.1\org.jetbrains.kotlin\kotlin-daemon-embeddable\1.9.24\86685b9c5e8d170925bd9ddbdc263374a6a73281\kotlin-daemon-embeddable-1.9.24.jar;C:\Users\pc\.gradle\caches\modules-2\files-2.1\org.jetbrains.intellij.deps\trove4j\1.0.20200330\3afb14d5f9ceb459d724e907a21145e8ff394f02\trove4j-1.0.20200330.jar;C:\Users\pc\.gradle\caches\modules-2\files-2.1\org.jetbrains\annotations\13.0\919f0dfe192fb4e063e7dacadee7f8bb9a2672a9\annotations-13.0.jar
Launcher Type: SUN_STANDARD

[Global flags]
     intx CICompilerCount                          = 4                                         {product} {ergonomic}
     uint ConcGCThreads                            = 2                                         {product} {ergonomic}
     uint G1ConcRefinementThreads                  = 8                                         {product} {ergonomic}
   size_t G1HeapRegionSize                         = 1048576                                   {product} {ergonomic}
    uintx GCDrainStackTargetSize                   = 64                                        {product} {ergonomic}
   size_t InitialHeapSize                          = 132120576                                 {product} {ergonomic}
   size_t MarkStackSize                            = 4194304                                   {product} {ergonomic}
   size_t MaxHeapSize                              = 2086666240                                {product} {ergonomic}
   size_t MaxNewSize                               = 1251999744                                {product} {ergonomic}
   size_t MinHeapDeltaBytes                        = 1048576                                   {product} {ergonomic}
   size_t MinHeapSize                              = 8388608                                   {product} {ergonomic}
    uintx NonNMethodCodeHeapSize                   = 5839372                                {pd product} {ergonomic}
    uintx NonProfiledCodeHeapSize                  = 122909434                              {pd product} {ergonomic}
    uintx ProfiledCodeHeapSize                     = 122909434                              {pd product} {ergonomic}
    uintx ReservedCodeCacheSize                    = 251658240                              {pd product} {ergonomic}
     bool SegmentedCodeCache                       = true                                      {product} {ergonomic}
   size_t SoftMaxHeapSize                          = 2086666240                             {manageable} {ergonomic}
     bool UseCompressedOops                        = true                           {product lp64_product} {ergonomic}
     bool UseG1GC                                  = true                                      {product} {ergonomic}
     bool UseLargePagesIndividualAllocation        = false                                  {pd product} {ergonomic}

Logging:
Log output configuration:
 #0: stdout all=warning uptime,level,tags foldmultilines=false
 #1: stderr all=off uptime,level,tags foldmultilines=false

Environment Variables:
PATH=C:\Program Files\Eclipse Adoptium\jdk-21.0.6.7-hotspot\bin;C:\Python312\Scripts\;C:\Python312\;C:\WINDOWS\system32;C:\WINDOWS;C:\WINDOWS\System32\Wbem;C:\WINDOWS\System32\WindowsPowerShell\v1.0\;C:\WINDOWS\System32\OpenSSH\;C:\MinGW\bin;C:\Program Files\Git\cmd;C:\Program Files\Git\mingw64\bin;C:\Program Files\Git\usr\bin;C:\Program Files\nodejs\;C:\ProgramData\chocolatey\bin;C:\Program Files\MySQL\MySQL Server 8.0\bin;C:\Users\pc\Downloads\sqlite-tools-win-x64-3490000;C:\Users\pc\AppData\Roaming\Python\Python312\Scripts;C:\Program Files\Docker\Docker\resources\bin;C:\Program Files\Bitcoin;C:\Program Files\Bitcoin\daemon;C:\Users\pc\.cargo\bin;C:\Program Files\MySQL\MySQL Shell 8.0\bin\;C:\Users\pc\AppData\Local\Microsoft\WindowsApps;C:\Users\pc\AppData\Local\Programs\Microsoft VS Code\bin;C:\Users\pc\AppData\Roaming\npm;C:\Users\pc\Downloads\flutter_windows_3.24.3-stable\flutter\bin;
USERNAME=pc
OS=Windows_NT
PROCESSOR_IDENTIFIER=Intel64 Family 6 Model 142 Stepping 12, GenuineIntel
TMP=C:\Users\pc\AppData\Local\Temp
TEMP=C:\Users\pc\AppData\Local\Temp




Periodic native trim disabled

JNI global refs:
JNI global refs: 10, weak refs: 0

JNI global refs memory usage: 835, weak refs: 833

Process memory usage:
Resident Set Size: 376100K (4% of 8143556K total physical memory with 1726592K free physical memory)

OOME stack traces (most recent first):
Classloader memory used:
Loader jdk.internal.loader.ClassLoaders$AppClassLoader                                 : 71216K
Loader bootstrap                                                                       : 12699K

---------------  S Y S T E M  ---------------

OS:
 Windows 11 , 64 bit Build 22621 (10.0.22621.4974)
OS uptime: 1 days 13:10 hours
Hyper-V role detected

CPU: total 8 (initial active 8) (4 cores per cpu, 2 threads per core) family 6 model 142 stepping 12 microcode 0xfc, cx8, cmov, fxsr, ht, mmx, 3dnowpref, sse, sse2, sse3, ssse3, sse4.1, sse4.2, popcnt, lzcnt, tsc, tscinvbit, avx, avx2, aes, erms, clmul, bmi1, bmi2, adx, fma, vzeroupper, clflush, clflushopt, hv, rdtscp, f16c
Processor Information for all 8 processors :
  Max Mhz: 2208, Current Mhz: 1706, Mhz Limit: 1700

Memory: 4k page, system-wide physical 7952M (1686M free)
TotalPageFile size 12114M (AvailPageFile size 8M)
current process WorkingSet (physical memory assigned to process): 367M, peak: 367M
current process commit charge ("private bytes"): 401M, peak: 407M

vm_info: OpenJDK 64-Bit Server VM (21.0.3+-12282718-b509.11) for windows-amd64 JRE (21.0.3+-12282718-b509.11), built on 2024-08-27T17:34:15Z by "builder" with MS VC++ 16.10 / 16.11 (VS2019)

END.
