#
# There is insufficient memory for the Java Runtime Environment to continue.
# Native memory allocation (malloc) failed to allocate 1376656 bytes. Error detail: Chunk::new
# Possible reasons:
#   The system is out of physical RAM or swap space
#   This process is running with CompressedOops enabled, and the Java Heap may be blocking the growth of the native heap
# Possible solutions:
#   Reduce memory load on the system
#   Increase physical memory or swap space
#   Check if swap backing store is full
#   Decrease Java heap size (-Xmx/-Xms)
#   Decrease number of Java threads
#   Decrease Java thread stack sizes (-Xss)
#   Set larger code cache with -XX:ReservedCodeCacheSize=
#   JVM is running with Unscaled Compressed Oops mode in which the Java heap is
#     placed in the first 4GB address space. The Java Heap base address is the
#     maximum limit for the native heap growth. Please use -XX:HeapBaseMinAddress
#     to set the Java Heap base and to place the Java Heap above 4GB virtual address.
# This output file may be truncated or incomplete.
#
#  Out of Memory Error (arena.cpp:168), pid=7964, tid=11920
#
# JRE version: OpenJDK Runtime Environment (21.0.3) (build 21.0.3+-12282718-b509.11)
# Java VM: OpenJDK 64-Bit Server VM (21.0.3+-12282718-b509.11, mixed mode, tiered, compressed oops, compressed class ptrs, g1 gc, windows-amd64)
# No core dump will be written. Minidumps are not enabled by default on client versions of Windows
#

---------------  S U M M A R Y ------------

Command Line: --add-opens=java.base/java.util=ALL-UNNAMED --add-opens=java.base/java.lang=ALL-UNNAMED --add-opens=java.base/java.lang.invoke=ALL-UNNAMED --add-opens=java.prefs/java.util.prefs=ALL-UNNAMED --add-exports=jdk.compiler/com.sun.tools.javac.api=ALL-UNNAMED --add-exports=jdk.compiler/com.sun.tools.javac.util=ALL-UNNAMED --add-opens=java.base/java.nio.charset=ALL-UNNAMED --add-opens=java.base/java.net=ALL-UNNAMED --add-opens=java.base/java.util.concurrent.atomic=ALL-UNNAMED -Xmx2048m -Dfile.encoding=UTF-8 -Duser.country=IN -Duser.language=en -Duser.variant -javaagent:C:\Users\pc\.gradle\wrapper\dists\gradle-8.9-bin\90cnw93cvbtalezasaz0blq0a\gradle-8.9\lib\agents\gradle-instrumentation-agent-8.9.jar org.gradle.launcher.daemon.bootstrap.GradleDaemon 8.9

Host: Intel(R) Core(TM) i5-10310U CPU @ 1.70GHz, 8 cores, 7G,  Windows 11 , 64 bit Build 22621 (10.0.22621.4974)
Time: Mon Mar 31 15:20:51 2025 India Standard Time elapsed time: 266.487510 seconds (0d 0h 4m 26s)

---------------  T H R E A D  ---------------

Current thread (0x0000019833a477b0):  JavaThread "C2 CompilerThread2" daemon [_thread_in_native, id=11920, stack(0x0000004e36200000,0x0000004e36300000) (1024K)]


Current CompileTask:
C2: 266487 17774       4       java.io.ObjectOutputStream::writeClassDesc (60 bytes)

Stack: [0x0000004e36200000,0x0000004e36300000]
Native frames: (J=compiled Java code, j=interpreted, Vv=VM code, C=native code)
V  [jvm.dll+0x6cafb9]
V  [jvm.dll+0x858523]
V  [jvm.dll+0x85aa7e]
V  [jvm.dll+0x85b163]
V  [jvm.dll+0x27d356]
V  [jvm.dll+0xbf93d]
V  [jvm.dll+0xbfe73]
V  [jvm.dll+0x3b1cb1]
V  [jvm.dll+0x37e787]
V  [jvm.dll+0x37dbfa]
V  [jvm.dll+0x246b02]
V  [jvm.dll+0x2460d1]
V  [jvm.dll+0x1c5804]
V  [jvm.dll+0x25575c]
V  [jvm.dll+0x253c36]
V  [jvm.dll+0x3ec996]
V  [jvm.dll+0x800d78]
V  [jvm.dll+0x6c98cd]
C  [ucrtbase.dll+0x29333]
C  [KERNEL32.DLL+0x1259d]
C  [ntdll.dll+0x5af38]


---------------  P R O C E S S  ---------------

Threads class SMR info:
_java_thread_list=0x000001982d7389c0, length=79, elements={
0x00000198090e37b0, 0x0000019822ba20a0, 0x0000019822ba3660, 0x0000019822bbb8d0,
0x0000019822bbbf40, 0x0000019822bbd270, 0x0000019822bbdcd0, 0x0000019822bbf200,
0x0000019822bccd90, 0x0000019822d5ad70, 0x0000019822e3ef70, 0x00000198289b7370,
0x0000019828aa7a10, 0x0000019828aa46d0, 0x0000019828d47cd0, 0x0000019828d47640,
0x0000019828d4a430, 0x0000019828df9c50, 0x0000019828df95c0, 0x0000019828df88a0,
0x000001982c6f4460, 0x000001982aaf2e80, 0x000001982aaf1ad0, 0x000001982c6f8600,
0x000001982d085c60, 0x000001982d080710, 0x000001982d084f40, 0x000001982d084220,
0x000001982d080080, 0x000001982d080da0, 0x000001982d081430, 0x000001982d07f9f0,
0x000001982d0848b0, 0x000001982d081ac0, 0x0000019833a4ae30, 0x000001982d083b90,
0x000001982d082150, 0x000001982d0855d0, 0x000001982d082e70, 0x000001982d0827e0,
0x000001982b0001b0, 0x000001982affda50, 0x000001982afffb20, 0x000001982b000840,
0x000001982b001560, 0x000001982b001bf0, 0x000001982affc010, 0x0000019833a477b0,
0x000001982affee00, 0x000001982b000ed0, 0x000001982b002fa0, 0x000001982affcd30,
0x000001982afff490, 0x000001982b002280, 0x000001982b002910, 0x000001982affd3c0,
0x000001982affe0e0, 0x000001982cc189a0, 0x000001982cc1b790, 0x000001982cc1cb40,
0x000001982cc18310, 0x000001982cc1d860, 0x000001982cc1def0, 0x000001982cc1aa70,
0x000001982cc1f930, 0x000001982cc1be20, 0x000001982cc1b100, 0x000001982cc1e580,
0x000001982cc19030, 0x000001982cc196c0, 0x000001982cc1f2a0, 0x000001982cc19d50,
0x000001982cc1a3e0, 0x000001982d0783d0, 0x000001982d07bee0, 0x000001982d07dfb0,
0x000001982d07b1c0, 0x000001982d077020, 0x000001982d07e640
}

Java Threads: ( => current thread )
  0x00000198090e37b0 JavaThread "main"                              [_thread_blocked, id=7960, stack(0x0000004e32d00000,0x0000004e32e00000) (1024K)]
  0x0000019822ba20a0 JavaThread "Reference Handler"          daemon [_thread_blocked, id=7552, stack(0x0000004e33500000,0x0000004e33600000) (1024K)]
  0x0000019822ba3660 JavaThread "Finalizer"                  daemon [_thread_blocked, id=9096, stack(0x0000004e33600000,0x0000004e33700000) (1024K)]
  0x0000019822bbb8d0 JavaThread "Signal Dispatcher"          daemon [_thread_blocked, id=18824, stack(0x0000004e33700000,0x0000004e33800000) (1024K)]
  0x0000019822bbbf40 JavaThread "Attach Listener"            daemon [_thread_blocked, id=6060, stack(0x0000004e33800000,0x0000004e33900000) (1024K)]
  0x0000019822bbd270 JavaThread "Service Thread"             daemon [_thread_blocked, id=8016, stack(0x0000004e33900000,0x0000004e33a00000) (1024K)]
  0x0000019822bbdcd0 JavaThread "Monitor Deflation Thread"   daemon [_thread_blocked, id=19576, stack(0x0000004e33a00000,0x0000004e33b00000) (1024K)]
  0x0000019822bbf200 JavaThread "C2 CompilerThread0"         daemon [_thread_in_native, id=11888, stack(0x0000004e33b00000,0x0000004e33c00000) (1024K)]
  0x0000019822bccd90 JavaThread "C1 CompilerThread0"         daemon [_thread_blocked, id=17012, stack(0x0000004e33c00000,0x0000004e33d00000) (1024K)]
  0x0000019822d5ad70 JavaThread "Common-Cleaner"             daemon [_thread_blocked, id=18452, stack(0x0000004e33d00000,0x0000004e33e00000) (1024K)]
  0x0000019822e3ef70 JavaThread "Notification Thread"        daemon [_thread_blocked, id=7760, stack(0x0000004e33e00000,0x0000004e33f00000) (1024K)]
  0x00000198289b7370 JavaThread "Daemon health stats"               [_thread_blocked, id=14348, stack(0x0000004e34400000,0x0000004e34500000) (1024K)]
  0x0000019828aa7a10 JavaThread "Incoming local TCP Connector on port 64171"        [_thread_in_native, id=9172, stack(0x0000004e34500000,0x0000004e34600000) (1024K)]
  0x0000019828aa46d0 JavaThread "Daemon periodic checks"            [_thread_blocked, id=18356, stack(0x0000004e34600000,0x0000004e34700000) (1024K)]
  0x0000019828d47cd0 JavaThread "Cache worker for journal cache (C:\Users\pc\.gradle\caches\journal-1)"        [_thread_blocked, id=14816, stack(0x0000004e35200000,0x0000004e35300000) (1024K)]
  0x0000019828d47640 JavaThread "File lock request listener"        [_thread_in_native, id=16288, stack(0x0000004e35300000,0x0000004e35400000) (1024K)]
  0x0000019828d4a430 JavaThread "Cache worker for file hash cache (C:\Users\pc\.gradle\caches\8.9\fileHashes)"        [_thread_blocked, id=10792, stack(0x0000004e35400000,0x0000004e35500000) (1024K)]
  0x0000019828df9c50 JavaThread "File watcher server"        daemon [_thread_in_native, id=6100, stack(0x0000004e35700000,0x0000004e35800000) (1024K)]
  0x0000019828df95c0 JavaThread "File watcher consumer"      daemon [_thread_blocked, id=11156, stack(0x0000004e35800000,0x0000004e35900000) (1024K)]
  0x0000019828df88a0 JavaThread "Cache worker for file content cache (C:\Users\pc\.gradle\caches\8.9\fileContent)"        [_thread_blocked, id=8852, stack(0x0000004e35a00000,0x0000004e35b00000) (1024K)]
  0x000001982c6f4460 JavaThread "Memory manager"                    [_thread_blocked, id=10064, stack(0x0000004e37300000,0x0000004e37400000) (1024K)]
  0x000001982aaf2e80 JavaThread "Daemon Thread 2"                   [_thread_blocked, id=20272, stack(0x0000004e32a00000,0x0000004e32b00000) (1024K)]
  0x000001982aaf1ad0 JavaThread "Daemon worker Thread 2"            [_thread_blocked, id=11276, stack(0x0000004e33f00000,0x0000004e34000000) (1024K)]
  0x000001982c6f8600 JavaThread "included builds"                   [_thread_blocked, id=16724, stack(0x0000004e36b00000,0x0000004e36c00000) (1024K)]
  0x000001982d085c60 JavaThread "ForkJoinPool.commonPool-worker-1" daemon [_thread_blocked, id=16412, stack(0x0000004e39400000,0x0000004e39500000) (1024K)]
  0x000001982d080710 JavaThread "ForkJoinPool.commonPool-worker-2" daemon [_thread_blocked, id=18672, stack(0x0000004e39500000,0x0000004e39600000) (1024K)]
  0x000001982d084f40 JavaThread "ForkJoinPool.commonPool-worker-3" daemon [_thread_blocked, id=13900, stack(0x0000004e39600000,0x0000004e39700000) (1024K)]
  0x000001982d084220 JavaThread "ForkJoinPool.commonPool-worker-4" daemon [_thread_blocked, id=3076, stack(0x0000004e39700000,0x0000004e39800000) (1024K)]
  0x000001982d080080 JavaThread "VFS cleanup Thread 2"              [_thread_blocked, id=1320, stack(0x0000004e34700000,0x0000004e34800000) (1024K)]
  0x000001982d080da0 JavaThread "Handler for socket connection from /127.0.0.1:64171 to /127.0.0.1:64268"        [_thread_in_native, id=1060, stack(0x0000004e32b00000,0x0000004e32c00000) (1024K)]
  0x000001982d081430 JavaThread "Cancel handler"                    [_thread_blocked, id=4800, stack(0x0000004e32c00000,0x0000004e32d00000) (1024K)]
  0x000001982d07f9f0 JavaThread "Asynchronous log dispatcher for DefaultDaemonConnection: socket connection from /127.0.0.1:64171 to /127.0.0.1:64268"        [_thread_blocked, id=9380, stack(0x0000004e34800000,0x0000004e34900000) (1024K)]
  0x000001982d0848b0 JavaThread "Stdin handler"                     [_thread_blocked, id=18864, stack(0x0000004e34900000,0x0000004e34a00000) (1024K)]
  0x000001982d081ac0 JavaThread "Daemon client event forwarder"        [_thread_blocked, id=852, stack(0x0000004e34a00000,0x0000004e34b00000) (1024K)]
  0x0000019833a4ae30 JavaThread "C2 CompilerThread1"         daemon [_thread_in_native, id=9668, stack(0x0000004e34b00000,0x0000004e34c00000) (1024K)]
  0x000001982d083b90 JavaThread "Cache worker for file hash cache (C:\Users\pc\AndroidStudioProjects\CFBuddy\.gradle\8.9\fileHashes)"        [_thread_blocked, id=15964, stack(0x0000004e34c00000,0x0000004e34d00000) (1024K)]
  0x000001982d082150 JavaThread "Cache worker for Build Output Cleanup Cache (C:\Users\pc\AndroidStudioProjects\CFBuddy\.gradle\buildOutputCleanup)"        [_thread_blocked, id=8644, stack(0x0000004e34d00000,0x0000004e34e00000) (1024K)]
  0x000001982d0855d0 JavaThread "Cache worker for checksums cache (C:\Users\pc\AndroidStudioProjects\CFBuddy\.gradle\8.9\checksums)"        [_thread_blocked, id=13696, stack(0x0000004e35500000,0x0000004e35600000) (1024K)]
  0x000001982d082e70 JavaThread "Cache worker for cache directory md-rule (C:\Users\pc\.gradle\caches\8.9\md-rule)"        [_thread_blocked, id=164, stack(0x0000004e35600000,0x0000004e35700000) (1024K)]
  0x000001982d0827e0 JavaThread "Cache worker for cache directory md-supplier (C:\Users\pc\.gradle\caches\8.9\md-supplier)"        [_thread_blocked, id=3628, stack(0x0000004e35900000,0x0000004e35a00000) (1024K)]
  0x000001982b0001b0 JavaThread "Unconstrained build operations"        [_thread_blocked, id=12760, stack(0x0000004e35b00000,0x0000004e35c00000) (1024K)]
  0x000001982affda50 JavaThread "Unconstrained build operations Thread 2"        [_thread_blocked, id=14100, stack(0x0000004e35c00000,0x0000004e35d00000) (1024K)]
  0x000001982afffb20 JavaThread "Unconstrained build operations Thread 3"        [_thread_blocked, id=9848, stack(0x0000004e35d00000,0x0000004e35e00000) (1024K)]
  0x000001982b000840 JavaThread "Unconstrained build operations Thread 4"        [_thread_blocked, id=11832, stack(0x0000004e35e00000,0x0000004e35f00000) (1024K)]
  0x000001982b001560 JavaThread "Unconstrained build operations Thread 5"        [_thread_blocked, id=16636, stack(0x0000004e35f00000,0x0000004e36000000) (1024K)]
  0x000001982b001bf0 JavaThread "Unconstrained build operations Thread 6"        [_thread_blocked, id=6176, stack(0x0000004e36000000,0x0000004e36100000) (1024K)]
  0x000001982affc010 JavaThread "Unconstrained build operations Thread 7"        [_thread_blocked, id=5684, stack(0x0000004e36100000,0x0000004e36200000) (1024K)]
=>0x0000019833a477b0 JavaThread "C2 CompilerThread2"         daemon [_thread_in_native, id=11920, stack(0x0000004e36200000,0x0000004e36300000) (1024K)]
  0x000001982affee00 JavaThread "Unconstrained build operations Thread 8"        [_thread_blocked, id=5972, stack(0x0000004e36300000,0x0000004e36400000) (1024K)]
  0x000001982b000ed0 JavaThread "Unconstrained build operations Thread 9"        [_thread_blocked, id=8748, stack(0x0000004e36400000,0x0000004e36500000) (1024K)]
  0x000001982b002fa0 JavaThread "Unconstrained build operations Thread 10"        [_thread_blocked, id=10152, stack(0x0000004e36500000,0x0000004e36600000) (1024K)]
  0x000001982affcd30 JavaThread "Unconstrained build operations Thread 11"        [_thread_blocked, id=9544, stack(0x0000004e36600000,0x0000004e36700000) (1024K)]
  0x000001982afff490 JavaThread "Unconstrained build operations Thread 12"        [_thread_blocked, id=9300, stack(0x0000004e36700000,0x0000004e36800000) (1024K)]
  0x000001982b002280 JavaThread "Unconstrained build operations Thread 13"        [_thread_blocked, id=17708, stack(0x0000004e36800000,0x0000004e36900000) (1024K)]
  0x000001982b002910 JavaThread "Unconstrained build operations Thread 14"        [_thread_blocked, id=14104, stack(0x0000004e36900000,0x0000004e36a00000) (1024K)]
  0x000001982affd3c0 JavaThread "build event listener"              [_thread_blocked, id=13504, stack(0x0000004e36a00000,0x0000004e36b00000) (1024K)]
  0x000001982affe0e0 JavaThread "build event listener"              [_thread_blocked, id=14204, stack(0x0000004e36c00000,0x0000004e36d00000) (1024K)]
  0x000001982cc189a0 JavaThread "included builds"                   [_thread_blocked, id=14600, stack(0x0000004e36d00000,0x0000004e36e00000) (1024K)]
  0x000001982cc1b790 JavaThread "Execution worker"                  [_thread_blocked, id=14564, stack(0x0000004e36e00000,0x0000004e36f00000) (1024K)]
  0x000001982cc1cb40 JavaThread "Execution worker Thread 2"         [_thread_blocked, id=18944, stack(0x0000004e36f00000,0x0000004e37000000) (1024K)]
  0x000001982cc18310 JavaThread "Execution worker Thread 3"         [_thread_blocked, id=17464, stack(0x0000004e37000000,0x0000004e37100000) (1024K)]
  0x000001982cc1d860 JavaThread "Execution worker Thread 4"         [_thread_blocked, id=20248, stack(0x0000004e37100000,0x0000004e37200000) (1024K)]
  0x000001982cc1def0 JavaThread "Execution worker Thread 5"         [_thread_in_native, id=1992, stack(0x0000004e37200000,0x0000004e37300000) (1024K)]
  0x000001982cc1aa70 JavaThread "Execution worker Thread 6"         [_thread_blocked, id=5376, stack(0x0000004e37400000,0x0000004e37500000) (1024K)]
  0x000001982cc1f930 JavaThread "Execution worker Thread 7"         [_thread_blocked, id=10272, stack(0x0000004e37500000,0x0000004e37600000) (1024K)]
  0x000001982cc1be20 JavaThread "Cache worker for execution history cache (C:\Users\pc\AndroidStudioProjects\CFBuddy\.gradle\8.9\executionHistory)"        [_thread_blocked, id=16820, stack(0x0000004e37600000,0x0000004e37700000) (1024K)]
  0x000001982cc1b100 JavaThread "Unconstrained build operations Thread 15"        [_thread_blocked, id=8232, stack(0x0000004e37700000,0x0000004e37800000) (1024K)]
  0x000001982cc1e580 JavaThread "Unconstrained build operations Thread 16"        [_thread_blocked, id=14856, stack(0x0000004e37800000,0x0000004e37900000) (1024K)]
  0x000001982cc19030 JavaThread "Unconstrained build operations Thread 17"        [_thread_blocked, id=17460, stack(0x0000004e37900000,0x0000004e37a00000) (1024K)]
  0x000001982cc196c0 JavaThread "Unconstrained build operations Thread 18"        [_thread_blocked, id=16032, stack(0x0000004e37a00000,0x0000004e37b00000) (1024K)]
  0x000001982cc1f2a0 JavaThread "Unconstrained build operations Thread 19"        [_thread_blocked, id=11108, stack(0x0000004e37b00000,0x0000004e37c00000) (1024K)]
  0x000001982cc19d50 JavaThread "Unconstrained build operations Thread 20"        [_thread_blocked, id=18836, stack(0x0000004e37c00000,0x0000004e37d00000) (1024K)]
  0x000001982cc1a3e0 JavaThread "Unconstrained build operations Thread 21"        [_thread_blocked, id=12044, stack(0x0000004e37d00000,0x0000004e37e00000) (1024K)]
  0x000001982d0783d0 JavaThread "Unconstrained build operations Thread 22"        [_thread_blocked, id=1496, stack(0x0000004e37e00000,0x0000004e37f00000) (1024K)]
  0x000001982d07bee0 JavaThread "Unconstrained build operations Thread 23"        [_thread_blocked, id=8952, stack(0x0000004e37f00000,0x0000004e38000000) (1024K)]
  0x000001982d07dfb0 JavaThread "Unconstrained build operations Thread 24"        [_thread_blocked, id=9488, stack(0x0000004e38000000,0x0000004e38100000) (1024K)]
  0x000001982d07b1c0 JavaThread "Unconstrained build operations Thread 25"        [_thread_blocked, id=12384, stack(0x0000004e38100000,0x0000004e38200000) (1024K)]
  0x000001982d077020 JavaThread "Unconstrained build operations Thread 26"        [_thread_blocked, id=3760, stack(0x0000004e38300000,0x0000004e38400000) (1024K)]
  0x000001982d07e640 JavaThread "Unconstrained build operations Thread 27"        [_thread_blocked, id=15628, stack(0x0000004e38400000,0x0000004e38500000) (1024K)]
Total: 79

Other Threads:
  0x00000198229c39f0 VMThread "VM Thread"                           [id=16204, stack(0x0000004e33400000,0x0000004e33500000) (1024K)]
  0x000001982297b610 WatcherThread "VM Periodic Task Thread"        [id=13244, stack(0x0000004e33300000,0x0000004e33400000) (1024K)]
  0x000001980b3305c0 WorkerThread "GC Thread#0"                     [id=12696, stack(0x0000004e32e00000,0x0000004e32f00000) (1024K)]
  0x0000019827579ec0 WorkerThread "GC Thread#1"                     [id=9844, stack(0x0000004e34000000,0x0000004e34100000) (1024K)]
  0x0000019827517e40 WorkerThread "GC Thread#2"                     [id=3244, stack(0x0000004e34100000,0x0000004e34200000) (1024K)]
  0x00000198276d7980 WorkerThread "GC Thread#3"                     [id=1376, stack(0x0000004e34200000,0x0000004e34300000) (1024K)]
  0x0000019827f7af40 WorkerThread "GC Thread#4"                     [id=9696, stack(0x0000004e34300000,0x0000004e34400000) (1024K)]
  0x0000019828acdcd0 WorkerThread "GC Thread#5"                     [id=18516, stack(0x0000004e34e00000,0x0000004e34f00000) (1024K)]
  0x0000019828ace070 WorkerThread "GC Thread#6"                     [id=18628, stack(0x0000004e34f00000,0x0000004e35000000) (1024K)]
  0x0000019828d1a040 WorkerThread "GC Thread#7"                     [id=19544, stack(0x0000004e35000000,0x0000004e35100000) (1024K)]
  0x000001980b341710 ConcurrentGCThread "G1 Main Marker"            [id=19656, stack(0x0000004e32f00000,0x0000004e33000000) (1024K)]
  0x000001980b3429b0 WorkerThread "G1 Conc#0"                       [id=4816, stack(0x0000004e33000000,0x0000004e33100000) (1024K)]
  0x0000019828ac6d00 WorkerThread "G1 Conc#1"                       [id=940, stack(0x0000004e35100000,0x0000004e35200000) (1024K)]
  0x00000198228503e0 ConcurrentGCThread "G1 Refine#0"               [id=16000, stack(0x0000004e33100000,0x0000004e33200000) (1024K)]
  0x0000019822850f50 ConcurrentGCThread "G1 Service"                [id=18680, stack(0x0000004e33200000,0x0000004e33300000) (1024K)]
Total: 15

Threads with active compile tasks:
C2 CompilerThread0   266559 17957       4       org.gradle.api.internal.artifacts.transform.DefaultTransformInvocationFactory::createInvocation (273 bytes)
C2 CompilerThread1   266559 18017       4       org.gradle.internal.execution.impl.DefaultInputFingerprinter::fingerprintInputProperties (41 bytes)
C2 CompilerThread2   266559 17774       4       java.io.ObjectOutputStream::writeClassDesc (60 bytes)
Total: 3

VM state: not at safepoint (normal execution)

VM Mutex/Monitor currently owned by a thread: None

Heap address: 0x0000000080000000, size: 2048 MB, Compressed Oops mode: 32-bit

CDS archive(s) not mapped
Compressed class space mapped at: 0x0000000100000000-0x0000000140000000, reserved size: 1073741824
Narrow klass base: 0x0000000000000000, Narrow klass shift: 3, Narrow klass range: 0x140000000

GC Precious Log:
 CardTable entry size: 512
 Card Set container configuration: InlinePtr #cards 5 size 8 Array Of Cards #cards 12 size 40 Howl #buckets 4 coarsen threshold 1843 Howl Bitmap #cards 512 size 80 coarsen threshold 460 Card regions per heap region 1 cards per card region 2048
 CPUs: 8 total, 8 available
 Memory: 7952M
 Large Page Support: Disabled
 NUMA Support: Disabled
 Compressed Oops: Enabled (32-bit)
 Heap Region Size: 1M
 Heap Min Capacity: 8M
 Heap Initial Capacity: 126M
 Heap Max Capacity: 2G
 Pre-touch: Disabled
 Parallel Workers: 8
 Concurrent Workers: 2
 Concurrent Refinement Workers: 8
 Periodic GC: Disabled

Heap:
 garbage-first heap   total 295936K, used 203164K [0x0000000080000000, 0x0000000100000000)
  region size 1024K, 46 young (47104K), 6 survivors (6144K)
 Metaspace       used 123461K, committed 125696K, reserved 1179648K
  class space    used 16677K, committed 17792K, reserved 1048576K

Heap Regions: E=young(eden), S=young(survivor), O=old, HS=humongous(starts), HC=humongous(continues), CS=collection set, F=free, TAMS=top-at-mark-start, PB=parsable bottom
|   0|0x0000000080000000, 0x0000000080100000, 0x0000000080100000|100%|HS|  |TAMS 0x0000000080000000| PB 0x0000000080000000| Complete 
|   1|0x0000000080100000, 0x0000000080200000, 0x0000000080200000|100%|HC|  |TAMS 0x0000000080100000| PB 0x0000000080100000| Complete 
|   2|0x0000000080200000, 0x0000000080300000, 0x0000000080300000|100%|HC|  |TAMS 0x0000000080200000| PB 0x0000000080200000| Complete 
|   3|0x0000000080300000, 0x0000000080400000, 0x0000000080400000|100%|HC|  |TAMS 0x0000000080300000| PB 0x0000000080300000| Complete 
|   4|0x0000000080400000, 0x0000000080500000, 0x0000000080500000|100%| O|  |TAMS 0x0000000080400000| PB 0x0000000080400000| Untracked 
|   5|0x0000000080500000, 0x0000000080600000, 0x0000000080600000|100%| O|  |TAMS 0x0000000080500000| PB 0x0000000080500000| Untracked 
|   6|0x0000000080600000, 0x0000000080700000, 0x0000000080700000|100%| O|  |TAMS 0x0000000080600000| PB 0x0000000080600000| Untracked 
|   7|0x0000000080700000, 0x0000000080800000, 0x0000000080800000|100%| O|  |TAMS 0x0000000080700000| PB 0x0000000080700000| Untracked 
|   8|0x0000000080800000, 0x0000000080900000, 0x0000000080900000|100%| O|  |TAMS 0x0000000080800000| PB 0x0000000080800000| Untracked 
|   9|0x0000000080900000, 0x0000000080a00000, 0x0000000080a00000|100%| O|  |TAMS 0x0000000080900000| PB 0x0000000080900000| Untracked 
|  10|0x0000000080a00000, 0x0000000080b00000, 0x0000000080b00000|100%| O|Cm|TAMS 0x0000000080a00000| PB 0x0000000080a00000| Complete 
|  11|0x0000000080b00000, 0x0000000080c00000, 0x0000000080c00000|100%|HS|  |TAMS 0x0000000080b00000| PB 0x0000000080b00000| Complete 
|  12|0x0000000080c00000, 0x0000000080d00000, 0x0000000080d00000|100%| O|  |TAMS 0x0000000080c00000| PB 0x0000000080c00000| Untracked 
|  13|0x0000000080d00000, 0x0000000080e00000, 0x0000000080e00000|100%| O|  |TAMS 0x0000000080d00000| PB 0x0000000080d00000| Untracked 
|  14|0x0000000080e00000, 0x0000000080f00000, 0x0000000080f00000|100%| O|  |TAMS 0x0000000080e00000| PB 0x0000000080e00000| Untracked 
|  15|0x0000000080f00000, 0x0000000081000000, 0x0000000081000000|100%| O|  |TAMS 0x0000000080f00000| PB 0x0000000080f00000| Untracked 
|  16|0x0000000081000000, 0x0000000081100000, 0x0000000081100000|100%| O|  |TAMS 0x0000000081000000| PB 0x0000000081000000| Untracked 
|  17|0x0000000081100000, 0x0000000081200000, 0x0000000081200000|100%| O|  |TAMS 0x0000000081100000| PB 0x0000000081100000| Untracked 
|  18|0x0000000081200000, 0x0000000081300000, 0x0000000081300000|100%| O|  |TAMS 0x0000000081200000| PB 0x0000000081200000| Untracked 
|  19|0x0000000081300000, 0x0000000081400000, 0x0000000081400000|100%| O|  |TAMS 0x0000000081300000| PB 0x0000000081300000| Untracked 
|  20|0x0000000081400000, 0x0000000081500000, 0x0000000081500000|100%| O|  |TAMS 0x0000000081400000| PB 0x0000000081400000| Untracked 
|  21|0x0000000081500000, 0x0000000081600000, 0x0000000081600000|100%| O|  |TAMS 0x0000000081500000| PB 0x0000000081500000| Untracked 
|  22|0x0000000081600000, 0x0000000081700000, 0x0000000081700000|100%| O|  |TAMS 0x0000000081600000| PB 0x0000000081600000| Untracked 
|  23|0x0000000081700000, 0x0000000081800000, 0x0000000081800000|100%| O|  |TAMS 0x0000000081700000| PB 0x0000000081700000| Untracked 
|  24|0x0000000081800000, 0x0000000081900000, 0x0000000081900000|100%| O|  |TAMS 0x0000000081800000| PB 0x0000000081800000| Untracked 
|  25|0x0000000081900000, 0x0000000081a00000, 0x0000000081a00000|100%| O|  |TAMS 0x0000000081900000| PB 0x0000000081900000| Untracked 
|  26|0x0000000081a00000, 0x0000000081b00000, 0x0000000081b00000|100%| O|  |TAMS 0x0000000081a00000| PB 0x0000000081a00000| Untracked 
|  27|0x0000000081b00000, 0x0000000081c00000, 0x0000000081c00000|100%| O|  |TAMS 0x0000000081b00000| PB 0x0000000081b00000| Untracked 
|  28|0x0000000081c00000, 0x0000000081d00000, 0x0000000081d00000|100%| O|  |TAMS 0x0000000081c00000| PB 0x0000000081c00000| Untracked 
|  29|0x0000000081d00000, 0x0000000081e00000, 0x0000000081e00000|100%| O|  |TAMS 0x0000000081d00000| PB 0x0000000081d00000| Untracked 
|  30|0x0000000081e00000, 0x0000000081f00000, 0x0000000081f00000|100%| O|  |TAMS 0x0000000081e00000| PB 0x0000000081e00000| Untracked 
|  31|0x0000000081f00000, 0x0000000082000000, 0x0000000082000000|100%| O|  |TAMS 0x0000000081f00000| PB 0x0000000081f00000| Untracked 
|  32|0x0000000082000000, 0x0000000082100000, 0x0000000082100000|100%|HS|  |TAMS 0x0000000082000000| PB 0x0000000082000000| Complete 
|  33|0x0000000082100000, 0x0000000082200000, 0x0000000082200000|100%|HS|  |TAMS 0x0000000082100000| PB 0x0000000082100000| Complete 
|  34|0x0000000082200000, 0x0000000082300000, 0x0000000082300000|100%|HS|  |TAMS 0x0000000082200000| PB 0x0000000082200000| Complete 
|  35|0x0000000082300000, 0x0000000082400000, 0x0000000082400000|100%|HC|  |TAMS 0x0000000082300000| PB 0x0000000082300000| Complete 
|  36|0x0000000082400000, 0x0000000082500000, 0x0000000082500000|100%| O|Cm|TAMS 0x0000000082400000| PB 0x0000000082400000| Complete 
|  37|0x0000000082500000, 0x0000000082600000, 0x0000000082600000|100%| O|  |TAMS 0x0000000082500000| PB 0x0000000082500000| Untracked 
|  38|0x0000000082600000, 0x0000000082700000, 0x0000000082700000|100%| O|  |TAMS 0x0000000082600000| PB 0x0000000082600000| Untracked 
|  39|0x0000000082700000, 0x0000000082800000, 0x0000000082800000|100%|HS|  |TAMS 0x0000000082700000| PB 0x0000000082700000| Complete 
|  40|0x0000000082800000, 0x0000000082900000, 0x0000000082900000|100%|HC|  |TAMS 0x0000000082800000| PB 0x0000000082800000| Complete 
|  41|0x0000000082900000, 0x0000000082a00000, 0x0000000082a00000|100%|HS|  |TAMS 0x0000000082900000| PB 0x0000000082900000| Complete 
|  42|0x0000000082a00000, 0x0000000082b00000, 0x0000000082b00000|100%|HS|  |TAMS 0x0000000082a00000| PB 0x0000000082a00000| Complete 
|  43|0x0000000082b00000, 0x0000000082c00000, 0x0000000082c00000|100%|HC|  |TAMS 0x0000000082b00000| PB 0x0000000082b00000| Complete 
|  44|0x0000000082c00000, 0x0000000082d00000, 0x0000000082d00000|100%|HC|  |TAMS 0x0000000082c00000| PB 0x0000000082c00000| Complete 
|  45|0x0000000082d00000, 0x0000000082e00000, 0x0000000082e00000|100%|HC|  |TAMS 0x0000000082d00000| PB 0x0000000082d00000| Complete 
|  46|0x0000000082e00000, 0x0000000082f00000, 0x0000000082f00000|100%|HS|  |TAMS 0x0000000082e00000| PB 0x0000000082e00000| Complete 
|  47|0x0000000082f00000, 0x0000000083000000, 0x0000000083000000|100%| O|  |TAMS 0x0000000082f00000| PB 0x0000000082f00000| Untracked 
|  48|0x0000000083000000, 0x0000000083100000, 0x0000000083100000|100%|HS|  |TAMS 0x0000000083000000| PB 0x0000000083000000| Complete 
|  49|0x0000000083100000, 0x0000000083200000, 0x0000000083200000|100%|HS|  |TAMS 0x0000000083100000| PB 0x0000000083100000| Complete 
|  50|0x0000000083200000, 0x0000000083300000, 0x0000000083300000|100%| O|  |TAMS 0x0000000083200000| PB 0x0000000083200000| Untracked 
|  51|0x0000000083300000, 0x0000000083400000, 0x0000000083400000|100%| O|  |TAMS 0x0000000083300000| PB 0x0000000083300000| Untracked 
|  52|0x0000000083400000, 0x0000000083500000, 0x0000000083500000|100%| O|  |TAMS 0x0000000083400000| PB 0x0000000083400000| Untracked 
|  53|0x0000000083500000, 0x0000000083600000, 0x0000000083600000|100%| O|  |TAMS 0x0000000083500000| PB 0x0000000083500000| Untracked 
|  54|0x0000000083600000, 0x0000000083700000, 0x0000000083700000|100%| O|  |TAMS 0x0000000083600000| PB 0x0000000083600000| Untracked 
|  55|0x0000000083700000, 0x0000000083800000, 0x0000000083800000|100%| O|  |TAMS 0x0000000083700000| PB 0x0000000083700000| Untracked 
|  56|0x0000000083800000, 0x0000000083900000, 0x0000000083900000|100%| O|  |TAMS 0x0000000083800000| PB 0x0000000083800000| Untracked 
|  57|0x0000000083900000, 0x0000000083a00000, 0x0000000083a00000|100%| O|  |TAMS 0x0000000083900000| PB 0x0000000083900000| Untracked 
|  58|0x0000000083a00000, 0x0000000083b00000, 0x0000000083b00000|100%| O|  |TAMS 0x0000000083a00000| PB 0x0000000083a00000| Untracked 
|  59|0x0000000083b00000, 0x0000000083c00000, 0x0000000083c00000|100%|HS|  |TAMS 0x0000000083b00000| PB 0x0000000083b00000| Complete 
|  60|0x0000000083c00000, 0x0000000083d00000, 0x0000000083d00000|100%| O|  |TAMS 0x0000000083c00000| PB 0x0000000083c00000| Untracked 
|  61|0x0000000083d00000, 0x0000000083e00000, 0x0000000083e00000|100%| O|  |TAMS 0x0000000083d00000| PB 0x0000000083d00000| Untracked 
|  62|0x0000000083e00000, 0x0000000083f00000, 0x0000000083f00000|100%| O|  |TAMS 0x0000000083e00000| PB 0x0000000083e00000| Untracked 
|  63|0x0000000083f00000, 0x0000000084000000, 0x0000000084000000|100%|HS|  |TAMS 0x0000000083f00000| PB 0x0000000083f00000| Complete 
|  64|0x0000000084000000, 0x0000000084100000, 0x0000000084100000|100%|HC|  |TAMS 0x0000000084000000| PB 0x0000000084000000| Complete 
|  65|0x0000000084100000, 0x0000000084200000, 0x0000000084200000|100%|HC|  |TAMS 0x0000000084100000| PB 0x0000000084100000| Complete 
|  66|0x0000000084200000, 0x0000000084300000, 0x0000000084300000|100%|HC|  |TAMS 0x0000000084200000| PB 0x0000000084200000| Complete 
|  67|0x0000000084300000, 0x0000000084400000, 0x0000000084400000|100%| O|  |TAMS 0x0000000084300000| PB 0x0000000084300000| Untracked 
|  68|0x0000000084400000, 0x0000000084500000, 0x0000000084500000|100%| O|  |TAMS 0x0000000084400000| PB 0x0000000084400000| Untracked 
|  69|0x0000000084500000, 0x0000000084600000, 0x0000000084600000|100%| O|  |TAMS 0x0000000084500000| PB 0x0000000084500000| Untracked 
|  70|0x0000000084600000, 0x0000000084700000, 0x0000000084700000|100%| O|Cm|TAMS 0x0000000084600000| PB 0x0000000084600000| Complete 
|  71|0x0000000084700000, 0x0000000084800000, 0x0000000084800000|100%| O|  |TAMS 0x0000000084700000| PB 0x0000000084700000| Untracked 
|  72|0x0000000084800000, 0x0000000084900000, 0x0000000084900000|100%| O|  |TAMS 0x0000000084800000| PB 0x0000000084800000| Untracked 
|  73|0x0000000084900000, 0x0000000084a00000, 0x0000000084a00000|100%| O|  |TAMS 0x0000000084900000| PB 0x0000000084900000| Untracked 
|  74|0x0000000084a00000, 0x0000000084b00000, 0x0000000084b00000|100%| O|Cm|TAMS 0x0000000084a00000| PB 0x0000000084a00000| Complete 
|  75|0x0000000084b00000, 0x0000000084c00000, 0x0000000084c00000|100%| O|  |TAMS 0x0000000084b00000| PB 0x0000000084b00000| Untracked 
|  76|0x0000000084c00000, 0x0000000084d00000, 0x0000000084d00000|100%| O|  |TAMS 0x0000000084c00000| PB 0x0000000084c00000| Untracked 
|  77|0x0000000084d00000, 0x0000000084e00000, 0x0000000084e00000|100%| O|  |TAMS 0x0000000084d00000| PB 0x0000000084d00000| Untracked 
|  78|0x0000000084e00000, 0x0000000084f00000, 0x0000000084f00000|100%| O|  |TAMS 0x0000000084e00000| PB 0x0000000084e00000| Untracked 
|  79|0x0000000084f00000, 0x0000000085000000, 0x0000000085000000|100%| O|  |TAMS 0x0000000084f00000| PB 0x0000000084f00000| Untracked 
|  80|0x0000000085000000, 0x0000000085100000, 0x0000000085100000|100%| O|  |TAMS 0x0000000085000000| PB 0x0000000085000000| Untracked 
|  81|0x0000000085100000, 0x0000000085200000, 0x0000000085200000|100%| O|  |TAMS 0x0000000085100000| PB 0x0000000085100000| Untracked 
|  82|0x0000000085200000, 0x0000000085300000, 0x0000000085300000|100%| O|Cm|TAMS 0x0000000085200000| PB 0x0000000085200000| Complete 
|  83|0x0000000085300000, 0x0000000085400000, 0x0000000085400000|100%| O|  |TAMS 0x0000000085300000| PB 0x0000000085300000| Untracked 
|  84|0x0000000085400000, 0x0000000085500000, 0x0000000085500000|100%| O|  |TAMS 0x0000000085400000| PB 0x0000000085400000| Untracked 
|  85|0x0000000085500000, 0x0000000085600000, 0x0000000085600000|100%| O|Cm|TAMS 0x0000000085500000| PB 0x0000000085500000| Complete 
|  86|0x0000000085600000, 0x0000000085700000, 0x0000000085700000|100%| O|  |TAMS 0x0000000085600000| PB 0x0000000085600000| Untracked 
|  87|0x0000000085700000, 0x0000000085800000, 0x0000000085800000|100%| O|Cm|TAMS 0x0000000085700000| PB 0x0000000085700000| Complete 
|  88|0x0000000085800000, 0x0000000085900000, 0x0000000085900000|100%| O|Cm|TAMS 0x0000000085800000| PB 0x0000000085800000| Complete 
|  89|0x0000000085900000, 0x0000000085a00000, 0x0000000085a00000|100%| O|  |TAMS 0x0000000085900000| PB 0x0000000085900000| Untracked 
|  90|0x0000000085a00000, 0x0000000085b00000, 0x0000000085b00000|100%| O|  |TAMS 0x0000000085a00000| PB 0x0000000085a00000| Untracked 
|  91|0x0000000085b00000, 0x0000000085c00000, 0x0000000085c00000|100%| O|  |TAMS 0x0000000085b00000| PB 0x0000000085b00000| Untracked 
|  92|0x0000000085c00000, 0x0000000085d00000, 0x0000000085d00000|100%| O|  |TAMS 0x0000000085c00000| PB 0x0000000085c00000| Untracked 
|  93|0x0000000085d00000, 0x0000000085e00000, 0x0000000085e00000|100%| O|  |TAMS 0x0000000085d00000| PB 0x0000000085d00000| Untracked 
|  94|0x0000000085e00000, 0x0000000085f00000, 0x0000000085f00000|100%| O|  |TAMS 0x0000000085e00000| PB 0x0000000085e00000| Untracked 
|  95|0x0000000085f00000, 0x0000000086000000, 0x0000000086000000|100%| O|Cm|TAMS 0x0000000085f00000| PB 0x0000000085f00000| Complete 
|  96|0x0000000086000000, 0x0000000086100000, 0x0000000086100000|100%| O|  |TAMS 0x0000000086000000| PB 0x0000000086000000| Untracked 
|  97|0x0000000086100000, 0x0000000086200000, 0x0000000086200000|100%| O|  |TAMS 0x0000000086100000| PB 0x0000000086100000| Untracked 
|  98|0x0000000086200000, 0x0000000086300000, 0x0000000086300000|100%| O|  |TAMS 0x0000000086200000| PB 0x0000000086200000| Untracked 
|  99|0x0000000086300000, 0x0000000086400000, 0x0000000086400000|100%| O|Cm|TAMS 0x0000000086300000| PB 0x0000000086300000| Complete 
| 100|0x0000000086400000, 0x0000000086500000, 0x0000000086500000|100%| O|  |TAMS 0x0000000086400000| PB 0x0000000086400000| Untracked 
| 101|0x0000000086500000, 0x0000000086600000, 0x0000000086600000|100%| O|  |TAMS 0x0000000086500000| PB 0x0000000086500000| Untracked 
| 102|0x0000000086600000, 0x0000000086700000, 0x0000000086700000|100%| O|  |TAMS 0x0000000086600000| PB 0x0000000086600000| Untracked 
| 103|0x0000000086700000, 0x0000000086700000, 0x0000000086800000|  0%| F|  |TAMS 0x0000000086700000| PB 0x0000000086700000| Untracked 
| 104|0x0000000086800000, 0x0000000086800000, 0x0000000086900000|  0%| F|  |TAMS 0x0000000086800000| PB 0x0000000086800000| Untracked 
| 105|0x0000000086900000, 0x0000000086900000, 0x0000000086a00000|  0%| F|  |TAMS 0x0000000086900000| PB 0x0000000086900000| Untracked 
| 106|0x0000000086a00000, 0x0000000086a00000, 0x0000000086b00000|  0%| F|  |TAMS 0x0000000086a00000| PB 0x0000000086a00000| Untracked 
| 107|0x0000000086b00000, 0x0000000086c00000, 0x0000000086c00000|100%| O|  |TAMS 0x0000000086b00000| PB 0x0000000086b00000| Untracked 
| 108|0x0000000086c00000, 0x0000000086d00000, 0x0000000086d00000|100%| O|  |TAMS 0x0000000086c00000| PB 0x0000000086c00000| Untracked 
| 109|0x0000000086d00000, 0x0000000086e00000, 0x0000000086e00000|100%| O|  |TAMS 0x0000000086d00000| PB 0x0000000086d00000| Untracked 
| 110|0x0000000086e00000, 0x0000000086f00000, 0x0000000086f00000|100%| O|  |TAMS 0x0000000086e00000| PB 0x0000000086e00000| Untracked 
| 111|0x0000000086f00000, 0x0000000087000000, 0x0000000087000000|100%| O|  |TAMS 0x0000000086f00000| PB 0x0000000086f00000| Untracked 
| 112|0x0000000087000000, 0x0000000087100000, 0x0000000087100000|100%| O|  |TAMS 0x0000000087000000| PB 0x0000000087000000| Untracked 
| 113|0x0000000087100000, 0x0000000087200000, 0x0000000087200000|100%| O|  |TAMS 0x0000000087100000| PB 0x0000000087100000| Untracked 
| 114|0x0000000087200000, 0x0000000087200000, 0x0000000087300000|  0%| F|  |TAMS 0x0000000087200000| PB 0x0000000087200000| Untracked 
| 115|0x0000000087300000, 0x0000000087300000, 0x0000000087400000|  0%| F|  |TAMS 0x0000000087300000| PB 0x0000000087300000| Untracked 
| 116|0x0000000087400000, 0x0000000087400000, 0x0000000087500000|  0%| F|  |TAMS 0x0000000087400000| PB 0x0000000087400000| Untracked 
| 117|0x0000000087500000, 0x0000000087500000, 0x0000000087600000|  0%| F|  |TAMS 0x0000000087500000| PB 0x0000000087500000| Untracked 
| 118|0x0000000087600000, 0x0000000087600000, 0x0000000087700000|  0%| F|  |TAMS 0x0000000087600000| PB 0x0000000087600000| Untracked 
| 119|0x0000000087700000, 0x0000000087700000, 0x0000000087800000|  0%| F|  |TAMS 0x0000000087700000| PB 0x0000000087700000| Untracked 
| 120|0x0000000087800000, 0x0000000087800000, 0x0000000087900000|  0%| F|  |TAMS 0x0000000087800000| PB 0x0000000087800000| Untracked 
| 121|0x0000000087900000, 0x0000000087900000, 0x0000000087a00000|  0%| F|  |TAMS 0x0000000087900000| PB 0x0000000087900000| Untracked 
| 122|0x0000000087a00000, 0x0000000087b00000, 0x0000000087b00000|100%| O|  |TAMS 0x0000000087a00000| PB 0x0000000087a00000| Untracked 
| 123|0x0000000087b00000, 0x0000000087c00000, 0x0000000087c00000|100%| O|  |TAMS 0x0000000087b00000| PB 0x0000000087b00000| Untracked 
| 124|0x0000000087c00000, 0x0000000087d00000, 0x0000000087d00000|100%| O|  |TAMS 0x0000000087c00000| PB 0x0000000087c00000| Untracked 
| 125|0x0000000087d00000, 0x0000000087e00000, 0x0000000087e00000|100%| O|  |TAMS 0x0000000087d00000| PB 0x0000000087d00000| Untracked 
| 126|0x0000000087e00000, 0x0000000087e00000, 0x0000000087f00000|  0%| F|  |TAMS 0x0000000087e00000| PB 0x0000000087e00000| Untracked 
| 127|0x0000000087f00000, 0x0000000087f00000, 0x0000000088000000|  0%| F|  |TAMS 0x0000000087f00000| PB 0x0000000087f00000| Untracked 
| 128|0x0000000088000000, 0x0000000088000000, 0x0000000088100000|  0%| F|  |TAMS 0x0000000088000000| PB 0x0000000088000000| Untracked 
| 129|0x0000000088100000, 0x0000000088100000, 0x0000000088200000|  0%| F|  |TAMS 0x0000000088100000| PB 0x0000000088100000| Untracked 
| 130|0x0000000088200000, 0x0000000088200000, 0x0000000088300000|  0%| F|  |TAMS 0x0000000088200000| PB 0x0000000088200000| Untracked 
| 131|0x0000000088300000, 0x0000000088300000, 0x0000000088400000|  0%| F|  |TAMS 0x0000000088300000| PB 0x0000000088300000| Untracked 
| 132|0x0000000088400000, 0x0000000088500000, 0x0000000088500000|100%| O|  |TAMS 0x0000000088400000| PB 0x0000000088400000| Untracked 
| 133|0x0000000088500000, 0x0000000088600000, 0x0000000088600000|100%| O|  |TAMS 0x0000000088500000| PB 0x0000000088500000| Untracked 
| 134|0x0000000088600000, 0x0000000088700000, 0x0000000088700000|100%| O|  |TAMS 0x0000000088600000| PB 0x0000000088600000| Untracked 
| 135|0x0000000088700000, 0x0000000088800000, 0x0000000088800000|100%| O|  |TAMS 0x0000000088700000| PB 0x0000000088700000| Untracked 
| 136|0x0000000088800000, 0x0000000088900000, 0x0000000088900000|100%| O|  |TAMS 0x0000000088800000| PB 0x0000000088800000| Untracked 
| 137|0x0000000088900000, 0x0000000088a00000, 0x0000000088a00000|100%| O|  |TAMS 0x0000000088900000| PB 0x0000000088900000| Untracked 
| 138|0x0000000088a00000, 0x0000000088b00000, 0x0000000088b00000|100%| O|  |TAMS 0x0000000088a00000| PB 0x0000000088a00000| Untracked 
| 139|0x0000000088b00000, 0x0000000088c00000, 0x0000000088c00000|100%| O|  |TAMS 0x0000000088b00000| PB 0x0000000088b00000| Untracked 
| 140|0x0000000088c00000, 0x0000000088d00000, 0x0000000088d00000|100%| O|  |TAMS 0x0000000088c00000| PB 0x0000000088c00000| Untracked 
| 141|0x0000000088d00000, 0x0000000088d00000, 0x0000000088e00000|  0%| F|  |TAMS 0x0000000088d00000| PB 0x0000000088d00000| Untracked 
| 142|0x0000000088e00000, 0x0000000088f00000, 0x0000000088f00000|100%| O|  |TAMS 0x0000000088e00000| PB 0x0000000088e00000| Untracked 
| 143|0x0000000088f00000, 0x0000000089000000, 0x0000000089000000|100%| O|  |TAMS 0x0000000088f00000| PB 0x0000000088f00000| Untracked 
| 144|0x0000000089000000, 0x0000000089100000, 0x0000000089100000|100%| O|  |TAMS 0x0000000089000000| PB 0x0000000089000000| Untracked 
| 145|0x0000000089100000, 0x000000008917fe30, 0x0000000089200000| 49%| O|  |TAMS 0x0000000089100000| PB 0x0000000089100000| Untracked 
| 146|0x0000000089200000, 0x0000000089200000, 0x0000000089300000|  0%| F|  |TAMS 0x0000000089200000| PB 0x0000000089200000| Untracked 
| 147|0x0000000089300000, 0x0000000089300000, 0x0000000089400000|  0%| F|  |TAMS 0x0000000089300000| PB 0x0000000089300000| Untracked 
| 148|0x0000000089400000, 0x0000000089400000, 0x0000000089500000|  0%| F|  |TAMS 0x0000000089400000| PB 0x0000000089400000| Untracked 
| 149|0x0000000089500000, 0x0000000089500000, 0x0000000089600000|  0%| F|  |TAMS 0x0000000089500000| PB 0x0000000089500000| Untracked 
| 150|0x0000000089600000, 0x0000000089600000, 0x0000000089700000|  0%| F|  |TAMS 0x0000000089600000| PB 0x0000000089600000| Untracked 
| 151|0x0000000089700000, 0x0000000089700000, 0x0000000089800000|  0%| F|  |TAMS 0x0000000089700000| PB 0x0000000089700000| Untracked 
| 152|0x0000000089800000, 0x0000000089800000, 0x0000000089900000|  0%| F|  |TAMS 0x0000000089800000| PB 0x0000000089800000| Untracked 
| 153|0x0000000089900000, 0x0000000089900000, 0x0000000089a00000|  0%| F|  |TAMS 0x0000000089900000| PB 0x0000000089900000| Untracked 
| 154|0x0000000089a00000, 0x0000000089a00000, 0x0000000089b00000|  0%| F|  |TAMS 0x0000000089a00000| PB 0x0000000089a00000| Untracked 
| 155|0x0000000089b00000, 0x0000000089b00000, 0x0000000089c00000|  0%| F|  |TAMS 0x0000000089b00000| PB 0x0000000089b00000| Untracked 
| 156|0x0000000089c00000, 0x0000000089c00000, 0x0000000089d00000|  0%| F|  |TAMS 0x0000000089c00000| PB 0x0000000089c00000| Untracked 
| 157|0x0000000089d00000, 0x0000000089d00000, 0x0000000089e00000|  0%| F|  |TAMS 0x0000000089d00000| PB 0x0000000089d00000| Untracked 
| 158|0x0000000089e00000, 0x0000000089e00000, 0x0000000089f00000|  0%| F|  |TAMS 0x0000000089e00000| PB 0x0000000089e00000| Untracked 
| 159|0x0000000089f00000, 0x0000000089f00000, 0x000000008a000000|  0%| F|  |TAMS 0x0000000089f00000| PB 0x0000000089f00000| Untracked 
| 160|0x000000008a000000, 0x000000008a000000, 0x000000008a100000|  0%| F|  |TAMS 0x000000008a000000| PB 0x000000008a000000| Untracked 
| 161|0x000000008a100000, 0x000000008a100000, 0x000000008a200000|  0%| F|  |TAMS 0x000000008a100000| PB 0x000000008a100000| Untracked 
| 162|0x000000008a200000, 0x000000008a200000, 0x000000008a300000|  0%| F|  |TAMS 0x000000008a200000| PB 0x000000008a200000| Untracked 
| 163|0x000000008a300000, 0x000000008a3e7478, 0x000000008a400000| 90%| S|CS|TAMS 0x000000008a300000| PB 0x000000008a300000| Complete 
| 164|0x000000008a400000, 0x000000008a500000, 0x000000008a500000|100%| S|CS|TAMS 0x000000008a400000| PB 0x000000008a400000| Complete 
| 165|0x000000008a500000, 0x000000008a600000, 0x000000008a600000|100%| S|CS|TAMS 0x000000008a500000| PB 0x000000008a500000| Complete 
| 166|0x000000008a600000, 0x000000008a700000, 0x000000008a700000|100%| S|CS|TAMS 0x000000008a600000| PB 0x000000008a600000| Complete 
| 167|0x000000008a700000, 0x000000008a800000, 0x000000008a800000|100%| S|CS|TAMS 0x000000008a700000| PB 0x000000008a700000| Complete 
| 168|0x000000008a800000, 0x000000008a900000, 0x000000008a900000|100%| S|CS|TAMS 0x000000008a800000| PB 0x000000008a800000| Complete 
| 169|0x000000008a900000, 0x000000008a900000, 0x000000008aa00000|  0%| F|  |TAMS 0x000000008a900000| PB 0x000000008a900000| Untracked 
| 170|0x000000008aa00000, 0x000000008aa00000, 0x000000008ab00000|  0%| F|  |TAMS 0x000000008aa00000| PB 0x000000008aa00000| Untracked 
| 171|0x000000008ab00000, 0x000000008ab00000, 0x000000008ac00000|  0%| F|  |TAMS 0x000000008ab00000| PB 0x000000008ab00000| Untracked 
| 172|0x000000008ac00000, 0x000000008ac00000, 0x000000008ad00000|  0%| F|  |TAMS 0x000000008ac00000| PB 0x000000008ac00000| Untracked 
| 173|0x000000008ad00000, 0x000000008ad00000, 0x000000008ae00000|  0%| F|  |TAMS 0x000000008ad00000| PB 0x000000008ad00000| Untracked 
| 174|0x000000008ae00000, 0x000000008ae00000, 0x000000008af00000|  0%| F|  |TAMS 0x000000008ae00000| PB 0x000000008ae00000| Untracked 
| 175|0x000000008af00000, 0x000000008af00000, 0x000000008b000000|  0%| F|  |TAMS 0x000000008af00000| PB 0x000000008af00000| Untracked 
| 176|0x000000008b000000, 0x000000008b000000, 0x000000008b100000|  0%| F|  |TAMS 0x000000008b000000| PB 0x000000008b000000| Untracked 
| 177|0x000000008b100000, 0x000000008b100000, 0x000000008b200000|  0%| F|  |TAMS 0x000000008b100000| PB 0x000000008b100000| Untracked 
| 178|0x000000008b200000, 0x000000008b200000, 0x000000008b300000|  0%| F|  |TAMS 0x000000008b200000| PB 0x000000008b200000| Untracked 
| 179|0x000000008b300000, 0x000000008b300000, 0x000000008b400000|  0%| F|  |TAMS 0x000000008b300000| PB 0x000000008b300000| Untracked 
| 180|0x000000008b400000, 0x000000008b400000, 0x000000008b500000|  0%| F|  |TAMS 0x000000008b400000| PB 0x000000008b400000| Untracked 
| 181|0x000000008b500000, 0x000000008b500000, 0x000000008b600000|  0%| F|  |TAMS 0x000000008b500000| PB 0x000000008b500000| Untracked 
| 182|0x000000008b600000, 0x000000008b600000, 0x000000008b700000|  0%| F|  |TAMS 0x000000008b600000| PB 0x000000008b600000| Untracked 
| 183|0x000000008b700000, 0x000000008b700000, 0x000000008b800000|  0%| F|  |TAMS 0x000000008b700000| PB 0x000000008b700000| Untracked 
| 184|0x000000008b800000, 0x000000008b800000, 0x000000008b900000|  0%| F|  |TAMS 0x000000008b800000| PB 0x000000008b800000| Untracked 
| 185|0x000000008b900000, 0x000000008b900000, 0x000000008ba00000|  0%| F|  |TAMS 0x000000008b900000| PB 0x000000008b900000| Untracked 
| 186|0x000000008ba00000, 0x000000008ba00000, 0x000000008bb00000|  0%| F|  |TAMS 0x000000008ba00000| PB 0x000000008ba00000| Untracked 
| 187|0x000000008bb00000, 0x000000008bb00000, 0x000000008bc00000|  0%| F|  |TAMS 0x000000008bb00000| PB 0x000000008bb00000| Untracked 
| 188|0x000000008bc00000, 0x000000008bc00000, 0x000000008bd00000|  0%| F|  |TAMS 0x000000008bc00000| PB 0x000000008bc00000| Untracked 
| 189|0x000000008bd00000, 0x000000008bd00000, 0x000000008be00000|  0%| F|  |TAMS 0x000000008bd00000| PB 0x000000008bd00000| Untracked 
| 190|0x000000008be00000, 0x000000008be00000, 0x000000008bf00000|  0%| F|  |TAMS 0x000000008be00000| PB 0x000000008be00000| Untracked 
| 191|0x000000008bf00000, 0x000000008bf00000, 0x000000008c000000|  0%| F|  |TAMS 0x000000008bf00000| PB 0x000000008bf00000| Untracked 
| 192|0x000000008c000000, 0x000000008c000000, 0x000000008c100000|  0%| F|  |TAMS 0x000000008c000000| PB 0x000000008c000000| Untracked 
| 193|0x000000008c100000, 0x000000008c100000, 0x000000008c200000|  0%| F|  |TAMS 0x000000008c100000| PB 0x000000008c100000| Untracked 
| 194|0x000000008c200000, 0x000000008c200000, 0x000000008c300000|  0%| F|  |TAMS 0x000000008c200000| PB 0x000000008c200000| Untracked 
| 195|0x000000008c300000, 0x000000008c300000, 0x000000008c400000|  0%| F|  |TAMS 0x000000008c300000| PB 0x000000008c300000| Untracked 
| 196|0x000000008c400000, 0x000000008c400000, 0x000000008c500000|  0%| F|  |TAMS 0x000000008c400000| PB 0x000000008c400000| Untracked 
| 197|0x000000008c500000, 0x000000008c500000, 0x000000008c600000|  0%| F|  |TAMS 0x000000008c500000| PB 0x000000008c500000| Untracked 
| 198|0x000000008c600000, 0x000000008c600000, 0x000000008c700000|  0%| F|  |TAMS 0x000000008c600000| PB 0x000000008c600000| Untracked 
| 199|0x000000008c700000, 0x000000008c700000, 0x000000008c800000|  0%| F|  |TAMS 0x000000008c700000| PB 0x000000008c700000| Untracked 
| 200|0x000000008c800000, 0x000000008c800000, 0x000000008c900000|  0%| F|  |TAMS 0x000000008c800000| PB 0x000000008c800000| Untracked 
| 201|0x000000008c900000, 0x000000008c900000, 0x000000008ca00000|  0%| F|  |TAMS 0x000000008c900000| PB 0x000000008c900000| Untracked 
| 202|0x000000008ca00000, 0x000000008ca00000, 0x000000008cb00000|  0%| F|  |TAMS 0x000000008ca00000| PB 0x000000008ca00000| Untracked 
| 203|0x000000008cb00000, 0x000000008cb00000, 0x000000008cc00000|  0%| F|  |TAMS 0x000000008cb00000| PB 0x000000008cb00000| Untracked 
| 204|0x000000008cc00000, 0x000000008cc00000, 0x000000008cd00000|  0%| F|  |TAMS 0x000000008cc00000| PB 0x000000008cc00000| Untracked 
| 205|0x000000008cd00000, 0x000000008cd00000, 0x000000008ce00000|  0%| F|  |TAMS 0x000000008cd00000| PB 0x000000008cd00000| Untracked 
| 206|0x000000008ce00000, 0x000000008ce00000, 0x000000008cf00000|  0%| F|  |TAMS 0x000000008ce00000| PB 0x000000008ce00000| Untracked 
| 207|0x000000008cf00000, 0x000000008cf00000, 0x000000008d000000|  0%| F|  |TAMS 0x000000008cf00000| PB 0x000000008cf00000| Untracked 
| 208|0x000000008d000000, 0x000000008d000000, 0x000000008d100000|  0%| F|  |TAMS 0x000000008d000000| PB 0x000000008d000000| Untracked 
| 209|0x000000008d100000, 0x000000008d100000, 0x000000008d200000|  0%| F|  |TAMS 0x000000008d100000| PB 0x000000008d100000| Untracked 
| 210|0x000000008d200000, 0x000000008d200000, 0x000000008d300000|  0%| F|  |TAMS 0x000000008d200000| PB 0x000000008d200000| Untracked 
| 211|0x000000008d300000, 0x000000008d300000, 0x000000008d400000|  0%| F|  |TAMS 0x000000008d300000| PB 0x000000008d300000| Untracked 
| 212|0x000000008d400000, 0x000000008d400000, 0x000000008d500000|  0%| F|  |TAMS 0x000000008d400000| PB 0x000000008d400000| Untracked 
| 213|0x000000008d500000, 0x000000008d500000, 0x000000008d600000|  0%| F|  |TAMS 0x000000008d500000| PB 0x000000008d500000| Untracked 
| 214|0x000000008d600000, 0x000000008d600000, 0x000000008d700000|  0%| F|  |TAMS 0x000000008d600000| PB 0x000000008d600000| Untracked 
| 215|0x000000008d700000, 0x000000008d700000, 0x000000008d800000|  0%| F|  |TAMS 0x000000008d700000| PB 0x000000008d700000| Untracked 
| 216|0x000000008d800000, 0x000000008d800000, 0x000000008d900000|  0%| F|  |TAMS 0x000000008d800000| PB 0x000000008d800000| Untracked 
| 217|0x000000008d900000, 0x000000008d900000, 0x000000008da00000|  0%| F|  |TAMS 0x000000008d900000| PB 0x000000008d900000| Untracked 
| 218|0x000000008da00000, 0x000000008da00000, 0x000000008db00000|  0%| F|  |TAMS 0x000000008da00000| PB 0x000000008da00000| Untracked 
| 219|0x000000008db00000, 0x000000008db00000, 0x000000008dc00000|  0%| F|  |TAMS 0x000000008db00000| PB 0x000000008db00000| Untracked 
| 220|0x000000008dc00000, 0x000000008dc00000, 0x000000008dd00000|  0%| F|  |TAMS 0x000000008dc00000| PB 0x000000008dc00000| Untracked 
| 221|0x000000008dd00000, 0x000000008dd00000, 0x000000008de00000|  0%| F|  |TAMS 0x000000008dd00000| PB 0x000000008dd00000| Untracked 
| 222|0x000000008de00000, 0x000000008de5e5c0, 0x000000008df00000| 36%| E|  |TAMS 0x000000008de00000| PB 0x000000008de00000| Complete 
| 223|0x000000008df00000, 0x000000008e000000, 0x000000008e000000|100%| E|CS|TAMS 0x000000008df00000| PB 0x000000008df00000| Complete 
| 224|0x000000008e000000, 0x000000008e100000, 0x000000008e100000|100%| E|CS|TAMS 0x000000008e000000| PB 0x000000008e000000| Complete 
| 225|0x000000008e100000, 0x000000008e200000, 0x000000008e200000|100%| E|CS|TAMS 0x000000008e100000| PB 0x000000008e100000| Complete 
| 226|0x000000008e200000, 0x000000008e300000, 0x000000008e300000|100%| E|CS|TAMS 0x000000008e200000| PB 0x000000008e200000| Complete 
| 227|0x000000008e300000, 0x000000008e400000, 0x000000008e400000|100%| E|CS|TAMS 0x000000008e300000| PB 0x000000008e300000| Complete 
| 228|0x000000008e400000, 0x000000008e500000, 0x000000008e500000|100%| E|CS|TAMS 0x000000008e400000| PB 0x000000008e400000| Complete 
| 229|0x000000008e500000, 0x000000008e600000, 0x000000008e600000|100%| E|CS|TAMS 0x000000008e500000| PB 0x000000008e500000| Complete 
| 230|0x000000008e600000, 0x000000008e700000, 0x000000008e700000|100%| E|CS|TAMS 0x000000008e600000| PB 0x000000008e600000| Complete 
| 231|0x000000008e700000, 0x000000008e800000, 0x000000008e800000|100%| E|CS|TAMS 0x000000008e700000| PB 0x000000008e700000| Complete 
| 232|0x000000008e800000, 0x000000008e900000, 0x000000008e900000|100%| E|CS|TAMS 0x000000008e800000| PB 0x000000008e800000| Complete 
| 233|0x000000008e900000, 0x000000008ea00000, 0x000000008ea00000|100%| E|CS|TAMS 0x000000008e900000| PB 0x000000008e900000| Complete 
| 234|0x000000008ea00000, 0x000000008eb00000, 0x000000008eb00000|100%| E|CS|TAMS 0x000000008ea00000| PB 0x000000008ea00000| Complete 
| 235|0x000000008eb00000, 0x000000008ec00000, 0x000000008ec00000|100%| E|CS|TAMS 0x000000008eb00000| PB 0x000000008eb00000| Complete 
| 236|0x000000008ec00000, 0x000000008ed00000, 0x000000008ed00000|100%| E|CS|TAMS 0x000000008ec00000| PB 0x000000008ec00000| Complete 
| 237|0x000000008ed00000, 0x000000008ee00000, 0x000000008ee00000|100%| E|CS|TAMS 0x000000008ed00000| PB 0x000000008ed00000| Complete 
| 238|0x000000008ee00000, 0x000000008ef00000, 0x000000008ef00000|100%| E|CS|TAMS 0x000000008ee00000| PB 0x000000008ee00000| Complete 
| 239|0x000000008ef00000, 0x000000008f000000, 0x000000008f000000|100%| E|CS|TAMS 0x000000008ef00000| PB 0x000000008ef00000| Complete 
| 240|0x000000008f000000, 0x000000008f100000, 0x000000008f100000|100%| E|CS|TAMS 0x000000008f000000| PB 0x000000008f000000| Complete 
| 241|0x000000008f100000, 0x000000008f200000, 0x000000008f200000|100%| E|CS|TAMS 0x000000008f100000| PB 0x000000008f100000| Complete 
| 242|0x000000008f200000, 0x000000008f300000, 0x000000008f300000|100%| E|CS|TAMS 0x000000008f200000| PB 0x000000008f200000| Complete 
| 243|0x000000008f300000, 0x000000008f400000, 0x000000008f400000|100%| E|CS|TAMS 0x000000008f300000| PB 0x000000008f300000| Complete 
| 244|0x000000008f400000, 0x000000008f500000, 0x000000008f500000|100%| E|CS|TAMS 0x000000008f400000| PB 0x000000008f400000| Complete 
| 245|0x000000008f500000, 0x000000008f600000, 0x000000008f600000|100%| E|CS|TAMS 0x000000008f500000| PB 0x000000008f500000| Complete 
| 246|0x000000008f600000, 0x000000008f700000, 0x000000008f700000|100%| E|CS|TAMS 0x000000008f600000| PB 0x000000008f600000| Complete 
| 247|0x000000008f700000, 0x000000008f800000, 0x000000008f800000|100%| E|CS|TAMS 0x000000008f700000| PB 0x000000008f700000| Complete 
| 248|0x000000008f800000, 0x000000008f900000, 0x000000008f900000|100%| E|CS|TAMS 0x000000008f800000| PB 0x000000008f800000| Complete 
| 249|0x000000008f900000, 0x000000008fa00000, 0x000000008fa00000|100%| E|CS|TAMS 0x000000008f900000| PB 0x000000008f900000| Complete 
| 250|0x000000008fa00000, 0x000000008fb00000, 0x000000008fb00000|100%| E|CS|TAMS 0x000000008fa00000| PB 0x000000008fa00000| Complete 
| 251|0x000000008fb00000, 0x000000008fc00000, 0x000000008fc00000|100%| E|CS|TAMS 0x000000008fb00000| PB 0x000000008fb00000| Complete 
| 252|0x000000008fc00000, 0x000000008fd00000, 0x000000008fd00000|100%| E|CS|TAMS 0x000000008fc00000| PB 0x000000008fc00000| Complete 
| 253|0x000000008fd00000, 0x000000008fe00000, 0x000000008fe00000|100%| E|CS|TAMS 0x000000008fd00000| PB 0x000000008fd00000| Complete 
| 254|0x000000008fe00000, 0x000000008ff00000, 0x000000008ff00000|100%| E|CS|TAMS 0x000000008fe00000| PB 0x000000008fe00000| Complete 
| 255|0x000000008ff00000, 0x0000000090000000, 0x0000000090000000|100%| E|CS|TAMS 0x000000008ff00000| PB 0x000000008ff00000| Complete 
| 256|0x0000000090000000, 0x0000000090100000, 0x0000000090100000|100%| E|CS|TAMS 0x0000000090000000| PB 0x0000000090000000| Complete 
| 257|0x0000000090100000, 0x0000000090200000, 0x0000000090200000|100%| E|CS|TAMS 0x0000000090100000| PB 0x0000000090100000| Complete 
| 258|0x0000000090200000, 0x0000000090300000, 0x0000000090300000|100%| E|CS|TAMS 0x0000000090200000| PB 0x0000000090200000| Complete 
|2018|0x00000000fe200000, 0x00000000fe300000, 0x00000000fe300000|100%| O|Cm|TAMS 0x00000000fe200000| PB 0x00000000fe200000| Complete 
|2019|0x00000000fe300000, 0x00000000fe400000, 0x00000000fe400000|100%| O|Cm|TAMS 0x00000000fe300000| PB 0x00000000fe300000| Complete 
|2020|0x00000000fe400000, 0x00000000fe500000, 0x00000000fe500000|100%| O|Cm|TAMS 0x00000000fe400000| PB 0x00000000fe400000| Complete 
|2021|0x00000000fe500000, 0x00000000fe600000, 0x00000000fe600000|100%| O|Cm|TAMS 0x00000000fe500000| PB 0x00000000fe500000| Complete 
|2022|0x00000000fe600000, 0x00000000fe700000, 0x00000000fe700000|100%| O|Cm|TAMS 0x00000000fe600000| PB 0x00000000fe600000| Complete 
|2023|0x00000000fe700000, 0x00000000fe800000, 0x00000000fe800000|100%| O|  |TAMS 0x00000000fe700000| PB 0x00000000fe700000| Untracked 
|2024|0x00000000fe800000, 0x00000000fe900000, 0x00000000fe900000|100%| O|  |TAMS 0x00000000fe800000| PB 0x00000000fe800000| Untracked 
|2025|0x00000000fe900000, 0x00000000fea00000, 0x00000000fea00000|100%| O|  |TAMS 0x00000000fe900000| PB 0x00000000fe900000| Untracked 
|2026|0x00000000fea00000, 0x00000000feb00000, 0x00000000feb00000|100%| O|  |TAMS 0x00000000fea00000| PB 0x00000000fea00000| Untracked 
|2027|0x00000000feb00000, 0x00000000fec00000, 0x00000000fec00000|100%| O|  |TAMS 0x00000000feb00000| PB 0x00000000feb00000| Untracked 
|2028|0x00000000fec00000, 0x00000000fed00000, 0x00000000fed00000|100%| O|  |TAMS 0x00000000fec00000| PB 0x00000000fec00000| Untracked 
|2029|0x00000000fed00000, 0x00000000fee00000, 0x00000000fee00000|100%| O|  |TAMS 0x00000000fed00000| PB 0x00000000fed00000| Untracked 
|2030|0x00000000fee00000, 0x00000000fef00000, 0x00000000fef00000|100%| O|  |TAMS 0x00000000fee00000| PB 0x00000000fee00000| Untracked 
|2031|0x00000000fef00000, 0x00000000ff000000, 0x00000000ff000000|100%| O|  |TAMS 0x00000000fef00000| PB 0x00000000fef00000| Untracked 
|2032|0x00000000ff000000, 0x00000000ff100000, 0x00000000ff100000|100%| O|Cm|TAMS 0x00000000ff000000| PB 0x00000000ff000000| Complete 
|2033|0x00000000ff100000, 0x00000000ff200000, 0x00000000ff200000|100%| O|Cm|TAMS 0x00000000ff100000| PB 0x00000000ff100000| Complete 
|2034|0x00000000ff200000, 0x00000000ff300000, 0x00000000ff300000|100%| E|CS|TAMS 0x00000000ff200000| PB 0x00000000ff200000| Complete 
|2035|0x00000000ff300000, 0x00000000ff400000, 0x00000000ff400000|100%| E|CS|TAMS 0x00000000ff300000| PB 0x00000000ff300000| Complete 
|2036|0x00000000ff400000, 0x00000000ff500000, 0x00000000ff500000|100%| O|  |TAMS 0x00000000ff400000| PB 0x00000000ff400000| Untracked 
|2037|0x00000000ff500000, 0x00000000ff600000, 0x00000000ff600000|100%| O|  |TAMS 0x00000000ff500000| PB 0x00000000ff500000| Untracked 
|2038|0x00000000ff600000, 0x00000000ff700000, 0x00000000ff700000|100%| O|  |TAMS 0x00000000ff600000| PB 0x00000000ff600000| Untracked 
|2039|0x00000000ff700000, 0x00000000ff800000, 0x00000000ff800000|100%| E|CS|TAMS 0x00000000ff700000| PB 0x00000000ff700000| Complete 
|2040|0x00000000ff800000, 0x00000000ff900000, 0x00000000ff900000|100%| O|  |TAMS 0x00000000ff800000| PB 0x00000000ff800000| Untracked 
|2041|0x00000000ff900000, 0x00000000ffa00000, 0x00000000ffa00000|100%| O|  |TAMS 0x00000000ff900000| PB 0x00000000ff900000| Untracked 
|2042|0x00000000ffa00000, 0x00000000ffb00000, 0x00000000ffb00000|100%| O|  |TAMS 0x00000000ffa00000| PB 0x00000000ffa00000| Untracked 
|2043|0x00000000ffb00000, 0x00000000ffc00000, 0x00000000ffc00000|100%| O|  |TAMS 0x00000000ffb00000| PB 0x00000000ffb00000| Untracked 
|2044|0x00000000ffc00000, 0x00000000ffd00000, 0x00000000ffd00000|100%| O|  |TAMS 0x00000000ffc00000| PB 0x00000000ffc00000| Untracked 
|2045|0x00000000ffd00000, 0x00000000ffe00000, 0x00000000ffe00000|100%| O|  |TAMS 0x00000000ffd00000| PB 0x00000000ffd00000| Untracked 
|2046|0x00000000ffe00000, 0x00000000fff00000, 0x00000000fff00000|100%| O|  |TAMS 0x00000000ffe00000| PB 0x00000000ffe00000| Untracked 
|2047|0x00000000fff00000, 0x0000000100000000, 0x0000000100000000|100%| O|  |TAMS 0x00000000fff00000| PB 0x00000000fff00000| Untracked 

Card table byte_map: [0x000001981db50000,0x000001981df50000] _byte_map_base: 0x000001981d750000

Marking Bits: (CMBitMap*) 0x000001980b330cc0
 Bits: [0x000001981df50000, 0x000001981ff50000)

Polling page: 0x00000198092c0000

Metaspace:

Usage:
  Non-class:    104.29 MB used.
      Class:     16.29 MB used.
       Both:    120.58 MB used.

Virtual space:
  Non-class space:      128.00 MB reserved,     105.38 MB ( 82%) committed,  2 nodes.
      Class space:        1.00 GB reserved,      17.38 MB (  2%) committed,  1 nodes.
             Both:        1.12 GB reserved,     122.75 MB ( 11%) committed. 

Chunk freelists:
   Non-Class:  5.91 MB
       Class:  14.51 MB
        Both:  20.42 MB

MaxMetaspaceSize: unlimited
CompressedClassSpaceSize: 1.00 GB
Initial GC threshold: 21.00 MB
Current GC threshold: 200.62 MB
CDS: off
 - commit_granule_bytes: 65536.
 - commit_granule_words: 8192.
 - virtual_space_node_default_size: 8388608.
 - enlarge_chunks_in_place: 1.
 - use_allocation_guard: 0.


Internal statistics:

num_allocs_failed_limit: 12.
num_arena_births: 4348.
num_arena_deaths: 0.
num_vsnodes_births: 3.
num_vsnodes_deaths: 0.
num_space_committed: 1963.
num_space_uncommitted: 0.
num_chunks_returned_to_freelist: 12.
num_chunks_taken_from_freelist: 9510.
num_chunk_merges: 12.
num_chunk_splits: 6210.
num_chunks_enlarged: 3910.
num_inconsistent_stats: 0.

CodeHeap 'non-profiled nmethods': size=120000Kb used=9870Kb max_used=10006Kb free=110129Kb
 bounds [0x0000019815ef0000, 0x00000198168d0000, 0x000001981d420000]
CodeHeap 'profiled nmethods': size=120000Kb used=26149Kb max_used=28374Kb free=93850Kb
 bounds [0x000001980e420000, 0x000001980ffe0000, 0x0000019815950000]
CodeHeap 'non-nmethods': size=5760Kb used=2160Kb max_used=2231Kb free=3599Kb
 bounds [0x0000019815950000, 0x0000019815bc0000, 0x0000019815ef0000]
 total_blobs=14211 nmethods=13319 adapters=796
 compilation: enabled
              stopped_count=0, restarted_count=0
 full_count=0

Compilation events (20 events):
Event: 266.456 Thread 0x0000019833a4ae30 nmethod 17983 0x0000019815f66c10 code [0x0000019815f66e60, 0x0000019815f678f0]
Event: 266.456 Thread 0x0000019833a4ae30 17960       4       org.gradle.api.internal.artifacts.transform.DefaultTransformInvocationFactory::isCachingDisabledByProperty (69 bytes)
Event: 266.473 Thread 0x0000019822bccd90 17994       3       org.gradle.execution.plan.ValuedVfsHierarchy$1::handleExactMatchWithChild (9 bytes)
Event: 266.474 Thread 0x0000019822bccd90 nmethod 17994 0x000001980f324010 code [0x000001980f3241e0, 0x000001980f3244e0]
Event: 266.474 Thread 0x0000019822bccd90 17995       3       org.gradle.execution.plan.ValuedVfsHierarchy$1::handleExactMatchWithChild (11 bytes)
Event: 266.474 Thread 0x0000019822bccd90 nmethod 17995 0x000001980f170710 code [0x000001980f1708c0, 0x000001980f170a70]
Event: 266.474 Thread 0x0000019822bccd90 17996       3       org.gradle.execution.plan.ValuedVfsHierarchy$$Lambda/0x0000000100fc3a78::<init> (10 bytes)
Event: 266.474 Thread 0x0000019822bccd90 nmethod 17996 0x000001980ef6ac10 code [0x000001980ef6adc0, 0x000001980ef6af78]
Event: 266.474 Thread 0x0000019822bccd90 17997       3       org.gradle.internal.execution.steps.ValidationFinishedContext::<init> (11 bytes)
Event: 266.475 Thread 0x0000019822bccd90 nmethod 17997 0x000001980f680290 code [0x000001980f680500, 0x000001980f681268]
Event: 266.475 Thread 0x0000019822bccd90 17998       3       org.gradle.internal.execution.steps.BeforeExecutionContext::<init> (17 bytes)
Event: 266.476 Thread 0x0000019822bccd90 nmethod 17998 0x000001980e964090 code [0x000001980e964300, 0x000001980e964f98]
Event: 266.476 Thread 0x0000019822bccd90 17999       3       org.gradle.internal.MutableReference::empty (5 bytes)
Event: 266.476 Thread 0x0000019822bccd90 nmethod 17999 0x000001980ec8ca10 code [0x000001980ec8cbc0, 0x000001980ec8ce10]
Event: 266.476 Thread 0x0000019822bccd90 18000       3       org.gradle.internal.MutableReference::of (9 bytes)
Event: 266.477 Thread 0x0000019822bccd90 nmethod 18000 0x000001980ecb3690 code [0x000001980ecb3840, 0x000001980ecb3a98]
Event: 266.481 Thread 0x0000019833a4ae30 nmethod 17960 0x0000019815f80410 code [0x0000019815f80680, 0x0000019815f810c8]
Event: 266.481 Thread 0x0000019833a4ae30 18001       4       java.lang.Thread::interrupted (7 bytes)
Event: 266.482 Thread 0x0000019833a4ae30 nmethod 18001 0x0000019816524790 code [0x0000019816524920, 0x00000198165249d8]
Event: 266.482 Thread 0x0000019833a4ae30 17992       4       org.gradle.internal.collections.ImmutableFilteredList::matching (81 bytes)

GC Heap History (20 events):
Event: 18.407 GC heap before
{Heap before GC invocations=37 (full 0):
 garbage-first heap   total 168960K, used 153185K [0x0000000080000000, 0x0000000100000000)
  region size 1024K, 57 young (58368K), 6 survivors (6144K)
 Metaspace       used 106002K, committed 108032K, reserved 1179648K
  class space    used 14652K, committed 15680K, reserved 1048576K
}
Event: 18.416 GC heap after
{Heap after GC invocations=38 (full 0):
 garbage-first heap   total 168960K, used 104731K [0x0000000080000000, 0x0000000100000000)
  region size 1024K, 7 young (7168K), 7 survivors (7168K)
 Metaspace       used 106002K, committed 108032K, reserved 1179648K
  class space    used 14652K, committed 15680K, reserved 1048576K
}
Event: 19.240 GC heap before
{Heap before GC invocations=39 (full 0):
 garbage-first heap   total 184320K, used 150811K [0x0000000080000000, 0x0000000100000000)
  region size 1024K, 53 young (54272K), 7 survivors (7168K)
 Metaspace       used 108743K, committed 110848K, reserved 1179648K
  class space    used 15092K, committed 16128K, reserved 1048576K
}
Event: 19.256 GC heap after
{Heap after GC invocations=40 (full 0):
 garbage-first heap   total 184320K, used 110922K [0x0000000080000000, 0x0000000100000000)
  region size 1024K, 7 young (7168K), 7 survivors (7168K)
 Metaspace       used 108743K, committed 110848K, reserved 1179648K
  class space    used 15092K, committed 16128K, reserved 1048576K
}
Event: 19.631 GC heap before
{Heap before GC invocations=40 (full 0):
 garbage-first heap   total 184320K, used 166218K [0x0000000080000000, 0x0000000100000000)
  region size 1024K, 62 young (63488K), 7 survivors (7168K)
 Metaspace       used 109048K, committed 111168K, reserved 1179648K
  class space    used 15151K, committed 16192K, reserved 1048576K
}
Event: 19.643 GC heap after
{Heap after GC invocations=41 (full 0):
 garbage-first heap   total 221184K, used 114473K [0x0000000080000000, 0x0000000100000000)
  region size 1024K, 5 young (5120K), 5 survivors (5120K)
 Metaspace       used 109048K, committed 111168K, reserved 1179648K
  class space    used 15151K, committed 16192K, reserved 1048576K
}
Event: 20.275 GC heap before
{Heap before GC invocations=41 (full 0):
 garbage-first heap   total 221184K, used 197417K [0x0000000080000000, 0x0000000100000000)
  region size 1024K, 87 young (89088K), 5 survivors (5120K)
 Metaspace       used 109483K, committed 111552K, reserved 1179648K
  class space    used 15207K, committed 16256K, reserved 1048576K
}
Event: 20.287 GC heap after
{Heap after GC invocations=42 (full 0):
 garbage-first heap   total 221184K, used 117517K [0x0000000080000000, 0x0000000100000000)
  region size 1024K, 8 young (8192K), 8 survivors (8192K)
 Metaspace       used 109483K, committed 111552K, reserved 1179648K
  class space    used 15207K, committed 16256K, reserved 1048576K
}
Event: 20.887 GC heap before
{Heap before GC invocations=42 (full 0):
 garbage-first heap   total 221184K, used 199437K [0x0000000080000000, 0x0000000100000000)
  region size 1024K, 89 young (91136K), 8 survivors (8192K)
 Metaspace       used 109662K, committed 111744K, reserved 1179648K
  class space    used 15217K, committed 16256K, reserved 1048576K
}
Event: 20.902 GC heap after
{Heap after GC invocations=43 (full 0):
 garbage-first heap   total 221184K, used 119683K [0x0000000080000000, 0x0000000100000000)
  region size 1024K, 8 young (8192K), 8 survivors (8192K)
 Metaspace       used 109662K, committed 111744K, reserved 1179648K
  class space    used 15217K, committed 16256K, reserved 1048576K
}
Event: 253.902 GC heap before
{Heap before GC invocations=43 (full 0):
 garbage-first heap   total 221184K, used 199555K [0x0000000080000000, 0x0000000100000000)
  region size 1024K, 87 young (89088K), 8 survivors (8192K)
 Metaspace       used 111171K, committed 113344K, reserved 1179648K
  class space    used 15390K, committed 16448K, reserved 1048576K
}
Event: 253.926 GC heap after
{Heap after GC invocations=44 (full 0):
 garbage-first heap   total 221184K, used 124790K [0x0000000080000000, 0x0000000100000000)
  region size 1024K, 10 young (10240K), 10 survivors (10240K)
 Metaspace       used 111171K, committed 113344K, reserved 1179648K
  class space    used 15390K, committed 16448K, reserved 1048576K
}
Event: 255.660 GC heap before
{Heap before GC invocations=45 (full 0):
 garbage-first heap   total 221184K, used 204662K [0x0000000080000000, 0x0000000100000000)
  region size 1024K, 82 young (83968K), 10 survivors (10240K)
 Metaspace       used 114334K, committed 116480K, reserved 1179648K
  class space    used 15627K, committed 16704K, reserved 1048576K
}
Event: 255.685 GC heap after
{Heap after GC invocations=46 (full 0):
 garbage-first heap   total 238592K, used 147456K [0x0000000080000000, 0x0000000100000000)
  region size 1024K, 11 young (11264K), 11 survivors (11264K)
 Metaspace       used 114334K, committed 116480K, reserved 1179648K
  class space    used 15627K, committed 16704K, reserved 1048576K
}
Event: 256.648 GC heap before
{Heap before GC invocations=46 (full 0):
 garbage-first heap   total 238592K, used 221184K [0x0000000080000000, 0x0000000100000000)
  region size 1024K, 69 young (70656K), 11 survivors (11264K)
 Metaspace       used 118560K, committed 120768K, reserved 1179648K
  class space    used 16135K, committed 17280K, reserved 1048576K
}
Event: 256.667 GC heap after
{Heap after GC invocations=47 (full 0):
 garbage-first heap   total 242688K, used 152348K [0x0000000080000000, 0x0000000100000000)
  region size 1024K, 6 young (6144K), 6 survivors (6144K)
 Metaspace       used 118560K, committed 120768K, reserved 1179648K
  class space    used 16135K, committed 17280K, reserved 1048576K
}
Event: 259.662 GC heap before
{Heap before GC invocations=47 (full 0):
 garbage-first heap   total 242688K, used 212764K [0x0000000080000000, 0x0000000100000000)
  region size 1024K, 66 young (67584K), 6 survivors (6144K)
 Metaspace       used 120838K, committed 123008K, reserved 1179648K
  class space    used 16386K, committed 17472K, reserved 1048576K
}
Event: 259.675 GC heap after
{Heap after GC invocations=48 (full 0):
 garbage-first heap   total 291840K, used 161729K [0x0000000080000000, 0x0000000100000000)
  region size 1024K, 9 young (9216K), 9 survivors (9216K)
 Metaspace       used 120838K, committed 123008K, reserved 1179648K
  class space    used 16386K, committed 17472K, reserved 1048576K
}
Event: 265.809 GC heap before
{Heap before GC invocations=49 (full 0):
 garbage-first heap   total 295936K, used 269249K [0x0000000080000000, 0x0000000100000000)
  region size 1024K, 102 young (104448K), 9 survivors (9216K)
 Metaspace       used 123228K, committed 125440K, reserved 1179648K
  class space    used 16677K, committed 17792K, reserved 1048576K
}
Event: 265.822 GC heap after
{Heap after GC invocations=50 (full 0):
 garbage-first heap   total 295936K, used 163228K [0x0000000080000000, 0x0000000100000000)
  region size 1024K, 6 young (6144K), 6 survivors (6144K)
 Metaspace       used 123228K, committed 125440K, reserved 1179648K
  class space    used 16677K, committed 17792K, reserved 1048576K
}

Dll operation events (3 events):
Event: 0.013 Loaded shared library C:\Program Files\Android\Android Studio\jbr\bin\java.dll
Event: 0.022 Loaded shared library C:\Program Files\Android\Android Studio\jbr\bin\zip.dll
Event: 0.661 Loaded shared library C:\Program Files\Android\Android Studio\jbr\bin\verify.dll

Deoptimization events (20 events):
Event: 265.824 Thread 0x000001982aaf1ad0 Uncommon trap: trap_request=0xffffffbe fr.pc=0x000001981687bd98 relative=0x00000000000005d8
Event: 265.824 Thread 0x000001982aaf1ad0 Uncommon trap: reason=profile_predicate action=maybe_recompile pc=0x000001981687bd98 method=com.google.common.base.CharMatcher.indexIn(Ljava/lang/CharSequence;I)I @ 19 c2
Event: 265.824 Thread 0x000001982aaf1ad0 DEOPT PACKING pc=0x000001981687bd98 sp=0x0000004e33ff7150
Event: 265.824 Thread 0x000001982aaf1ad0 DEOPT UNPACKING pc=0x00000198159a46a2 sp=0x0000004e33ff70e8 mode 2
Event: 266.107 Thread 0x000001982aaf1ad0 Uncommon trap: trap_request=0xffffffc6 fr.pc=0x00000198163de09c relative=0x0000000000000f5c
Event: 266.107 Thread 0x000001982aaf1ad0 Uncommon trap: reason=bimorphic_or_optimized_type_check action=maybe_recompile pc=0x00000198163de09c method=com.google.common.collect.ImmutableCollection$Builder.addAll(Ljava/lang/Iterable;)Lcom/google/common/collect/ImmutableCollection$Builder; @ 1 c2
Event: 266.107 Thread 0x000001982aaf1ad0 DEOPT PACKING pc=0x00000198163de09c sp=0x0000004e33ff97e0
Event: 266.107 Thread 0x000001982aaf1ad0 DEOPT UNPACKING pc=0x00000198159a46a2 sp=0x0000004e33ff97d0 mode 2
Event: 266.115 Thread 0x000001982aaf1ad0 Uncommon trap: trap_request=0xffffffc6 fr.pc=0x00000198163de09c relative=0x0000000000000f5c
Event: 266.115 Thread 0x000001982aaf1ad0 Uncommon trap: reason=bimorphic_or_optimized_type_check action=maybe_recompile pc=0x00000198163de09c method=com.google.common.collect.ImmutableCollection$Builder.addAll(Ljava/lang/Iterable;)Lcom/google/common/collect/ImmutableCollection$Builder; @ 1 c2
Event: 266.115 Thread 0x000001982aaf1ad0 DEOPT PACKING pc=0x00000198163de09c sp=0x0000004e33ff97d0
Event: 266.115 Thread 0x000001982aaf1ad0 DEOPT UNPACKING pc=0x00000198159a46a2 sp=0x0000004e33ff97c0 mode 2
Event: 266.166 Thread 0x000001982cc1b790 Uncommon trap: trap_request=0xffffffc6 fr.pc=0x00000198163de09c relative=0x0000000000000f5c
Event: 266.166 Thread 0x000001982cc1b790 Uncommon trap: reason=bimorphic_or_optimized_type_check action=maybe_recompile pc=0x00000198163de09c method=com.google.common.collect.ImmutableCollection$Builder.addAll(Ljava/lang/Iterable;)Lcom/google/common/collect/ImmutableCollection$Builder; @ 1 c2
Event: 266.166 Thread 0x000001982cc1b790 DEOPT PACKING pc=0x00000198163de09c sp=0x0000004e36efe340
Event: 266.166 Thread 0x000001982cc1b790 DEOPT UNPACKING pc=0x00000198159a46a2 sp=0x0000004e36efe330 mode 2
Event: 266.168 Thread 0x000001982cc1b790 Uncommon trap: trap_request=0xffffffc6 fr.pc=0x00000198163de09c relative=0x0000000000000f5c
Event: 266.168 Thread 0x000001982cc1b790 Uncommon trap: reason=bimorphic_or_optimized_type_check action=maybe_recompile pc=0x00000198163de09c method=com.google.common.collect.ImmutableCollection$Builder.addAll(Ljava/lang/Iterable;)Lcom/google/common/collect/ImmutableCollection$Builder; @ 1 c2
Event: 266.168 Thread 0x000001982cc1b790 DEOPT PACKING pc=0x00000198163de09c sp=0x0000004e36efe340
Event: 266.168 Thread 0x000001982cc1b790 DEOPT UNPACKING pc=0x00000198159a46a2 sp=0x0000004e36efe330 mode 2

Classes loaded (20 events):
Event: 260.494 Loading class java/util/concurrent/ForkJoinTask$AdaptedInterruptibleRunnable
Event: 260.494 Loading class java/util/concurrent/ForkJoinTask$InterruptibleTask
Event: 260.495 Loading class java/util/concurrent/ForkJoinTask$InterruptibleTask done
Event: 260.495 Loading class java/util/concurrent/ForkJoinTask$AdaptedInterruptibleRunnable done
Event: 260.495 Loading class java/util/concurrent/CountedCompleter
Event: 260.496 Loading class java/util/concurrent/CountedCompleter done
Event: 260.499 Loading class sun/misc/SharedSecrets
Event: 260.499 Loading class sun/misc/SharedSecrets done
Event: 260.532 Loading class java/lang/Throwable$WrappedPrintWriter
Event: 260.532 Loading class java/lang/Throwable$PrintStreamOrWriter
Event: 260.532 Loading class java/lang/Throwable$PrintStreamOrWriter done
Event: 260.532 Loading class java/lang/Throwable$WrappedPrintWriter done
Event: 260.557 Loading class java/util/logging/LogRecord
Event: 260.557 Loading class java/util/logging/LogRecord done
Event: 260.704 Loading class java/io/NotSerializableException
Event: 260.704 Loading class java/io/NotSerializableException done
Event: 260.712 Loading class java/util/Collections$EmptyListIterator
Event: 260.712 Loading class java/util/Collections$EmptyListIterator done
Event: 260.752 Loading class java/net/UrlDeserializedState
Event: 260.753 Loading class java/net/UrlDeserializedState done

Classes unloaded (0 events):
No events

Classes redefined (0 events):
No events

Internal exceptions (20 events):
Event: 260.844 Thread 0x000001982d080080 Exception <a 'sun/nio/fs/WindowsException'{0x000000008d8f0158}> (0x000000008d8f0158) 
thrown [s\src\hotspot\share\prims\jni.cpp, line 535]
Event: 260.845 Thread 0x000001982d080080 Exception <a 'sun/nio/fs/WindowsException'{0x000000008d8fa1e0}> (0x000000008d8fa1e0) 
thrown [s\src\hotspot\share\prims\jni.cpp, line 535]
Event: 260.845 Thread 0x000001982d080080 Exception <a 'sun/nio/fs/WindowsException'{0x000000008d8face0}> (0x000000008d8face0) 
thrown [s\src\hotspot\share\prims\jni.cpp, line 535]
Event: 260.845 Thread 0x000001982d080080 Exception <a 'sun/nio/fs/WindowsException'{0x000000008d8fb838}> (0x000000008d8fb838) 
thrown [s\src\hotspot\share\prims\jni.cpp, line 535]
Event: 260.845 Thread 0x000001982d080080 Exception <a 'sun/nio/fs/WindowsException'{0x000000008d8ff840}> (0x000000008d8ff840) 
thrown [s\src\hotspot\share\prims\jni.cpp, line 535]
Event: 260.845 Thread 0x000001982d080080 Exception <a 'sun/nio/fs/WindowsException'{0x000000008d7008c8}> (0x000000008d7008c8) 
thrown [s\src\hotspot\share\prims\jni.cpp, line 535]
Event: 260.845 Thread 0x000001982d080080 Exception <a 'sun/nio/fs/WindowsException'{0x000000008d701440}> (0x000000008d701440) 
thrown [s\src\hotspot\share\prims\jni.cpp, line 535]
Event: 260.846 Thread 0x000001982d080080 Exception <a 'sun/nio/fs/WindowsException'{0x000000008d707e28}> (0x000000008d707e28) 
thrown [s\src\hotspot\share\prims\jni.cpp, line 535]
Event: 265.406 Thread 0x000001982aaf1ad0 Exception <a 'sun/nio/fs/WindowsException'{0x000000008d4cc478}> (0x000000008d4cc478) 
thrown [s\src\hotspot\share\prims\jni.cpp, line 535]
Event: 265.407 Thread 0x000001982aaf1ad0 Exception <a 'sun/nio/fs/WindowsException'{0x000000008d4cd920}> (0x000000008d4cd920) 
thrown [s\src\hotspot\share\prims\jni.cpp, line 535]
Event: 265.407 Thread 0x000001982aaf1ad0 Exception <a 'sun/nio/fs/WindowsException'{0x000000008d4cedb8}> (0x000000008d4cedb8) 
thrown [s\src\hotspot\share\prims\jni.cpp, line 535]
Event: 265.408 Thread 0x000001982aaf1ad0 Exception <a 'sun/nio/fs/WindowsException'{0x000000008d4d0228}> (0x000000008d4d0228) 
thrown [s\src\hotspot\share\prims\jni.cpp, line 535]
Event: 265.470 Thread 0x000001982aaf1ad0 Exception <a 'sun/nio/fs/WindowsException'{0x000000008c431290}> (0x000000008c431290) 
thrown [s\src\hotspot\share\prims\jni.cpp, line 535]
Event: 265.470 Thread 0x000001982aaf1ad0 Exception <a 'sun/nio/fs/WindowsException'{0x000000008c432a58}> (0x000000008c432a58) 
thrown [s\src\hotspot\share\prims\jni.cpp, line 535]
Event: 265.470 Thread 0x000001982aaf1ad0 Exception <a 'sun/nio/fs/WindowsException'{0x000000008c436330}> (0x000000008c436330) 
thrown [s\src\hotspot\share\prims\jni.cpp, line 535]
Event: 266.076 Thread 0x000001982aaf1ad0 Exception <a 'sun/nio/fs/WindowsException'{0x000000008f776150}> (0x000000008f776150) 
thrown [s\src\hotspot\share\prims\jni.cpp, line 535]
Event: 266.076 Thread 0x000001982aaf1ad0 Exception <a 'sun/nio/fs/WindowsException'{0x000000008f777500}> (0x000000008f777500) 
thrown [s\src\hotspot\share\prims\jni.cpp, line 535]
Event: 266.077 Thread 0x000001982aaf1ad0 Exception <a 'sun/nio/fs/WindowsException'{0x000000008f778900}> (0x000000008f778900) 
thrown [s\src\hotspot\share\prims\jni.cpp, line 535]
Event: 266.077 Thread 0x000001982aaf1ad0 Exception <a 'sun/nio/fs/WindowsException'{0x000000008f779d00}> (0x000000008f779d00) 
thrown [s\src\hotspot\share\prims\jni.cpp, line 535]
Event: 266.170 Thread 0x000001982cc1b790 Exception <a 'sun/nio/fs/WindowsException'{0x000000008f257aa0}> (0x000000008f257aa0) 
thrown [s\src\hotspot\share\prims\jni.cpp, line 535]

ZGC Phase Switch (0 events):
No events

VM Operations (20 events):
Event: 260.576 Executing VM operation: ICBufferFull
Event: 260.576 Executing VM operation: ICBufferFull done
Event: 260.607 Executing VM operation: HandshakeAllThreads (Deoptimize)
Event: 260.607 Executing VM operation: HandshakeAllThreads (Deoptimize) done
Event: 260.671 Executing VM operation: HandshakeAllThreads (Deoptimize)
Event: 260.671 Executing VM operation: HandshakeAllThreads (Deoptimize) done
Event: 260.676 Executing VM operation: HandshakeAllThreads (Deoptimize)
Event: 260.676 Executing VM operation: HandshakeAllThreads (Deoptimize) done
Event: 260.692 Executing VM operation: HandshakeAllThreads (Deoptimize)
Event: 260.693 Executing VM operation: HandshakeAllThreads (Deoptimize) done
Event: 261.694 Executing VM operation: Cleanup
Event: 261.694 Executing VM operation: Cleanup done
Event: 265.702 Executing VM operation: ICBufferFull
Event: 265.703 Executing VM operation: ICBufferFull done
Event: 265.809 Executing VM operation: G1CollectForAllocation (G1 Evacuation Pause)
Event: 265.823 Executing VM operation: G1CollectForAllocation (G1 Evacuation Pause) done
Event: 266.084 Executing VM operation: ICBufferFull
Event: 266.084 Executing VM operation: ICBufferFull done
Event: 266.374 Executing VM operation: ICBufferFull
Event: 266.374 Executing VM operation: ICBufferFull done

Events (20 events):
Event: 266.159 Thread 0x000001982cc1cb40 Thread added: 0x000001982cc1cb40
Event: 266.159 Thread 0x000001982cc18310 Thread added: 0x000001982cc18310
Event: 266.159 Thread 0x000001982cc1d860 Thread added: 0x000001982cc1d860
Event: 266.159 Thread 0x000001982cc1def0 Thread added: 0x000001982cc1def0
Event: 266.159 Thread 0x000001982cc1aa70 Thread added: 0x000001982cc1aa70
Event: 266.159 Thread 0x000001982cc1f930 Thread added: 0x000001982cc1f930
Event: 266.161 Thread 0x000001982cc1be20 Thread added: 0x000001982cc1be20
Event: 266.347 Thread 0x000001982cc1b100 Thread added: 0x000001982cc1b100
Event: 266.347 Thread 0x000001982cc1e580 Thread added: 0x000001982cc1e580
Event: 266.347 Thread 0x000001982cc19030 Thread added: 0x000001982cc19030
Event: 266.347 Thread 0x000001982cc196c0 Thread added: 0x000001982cc196c0
Event: 266.347 Thread 0x000001982cc1f2a0 Thread added: 0x000001982cc1f2a0
Event: 266.347 Thread 0x000001982cc19d50 Thread added: 0x000001982cc19d50
Event: 266.348 Thread 0x000001982cc1a3e0 Thread added: 0x000001982cc1a3e0
Event: 266.378 Thread 0x000001982d0783d0 Thread added: 0x000001982d0783d0
Event: 266.378 Thread 0x000001982d07bee0 Thread added: 0x000001982d07bee0
Event: 266.379 Thread 0x000001982d07dfb0 Thread added: 0x000001982d07dfb0
Event: 266.380 Thread 0x000001982d07b1c0 Thread added: 0x000001982d07b1c0
Event: 266.381 Thread 0x000001982d077020 Thread added: 0x000001982d077020
Event: 266.381 Thread 0x000001982d07e640 Thread added: 0x000001982d07e640


Dynamic libraries:
0x00007ff691a70000 - 0x00007ff691a7a000 	C:\Program Files\Android\Android Studio\jbr\bin\java.exe
0x00007ffb28490000 - 0x00007ffb286a7000 	C:\WINDOWS\SYSTEM32\ntdll.dll
0x00007ffb263e0000 - 0x00007ffb264a4000 	C:\WINDOWS\System32\KERNEL32.DLL
0x00007ffb25d80000 - 0x00007ffb26151000 	C:\WINDOWS\System32\KERNELBASE.dll
0x00007ffb25650000 - 0x00007ffb25761000 	C:\WINDOWS\System32\ucrtbase.dll
0x00007ffb0fb60000 - 0x00007ffb0fb78000 	C:\Program Files\Android\Android Studio\jbr\bin\jli.dll
0x00007ffb0fa70000 - 0x00007ffb0fa8b000 	C:\Program Files\Android\Android Studio\jbr\bin\VCRUNTIME140.dll
0x00007ffb27e50000 - 0x00007ffb28001000 	C:\WINDOWS\System32\USER32.dll
0x00007ffb0e360000 - 0x00007ffb0e5f2000 	C:\WINDOWS\WinSxS\amd64_microsoft.windows.common-controls_6595b64144ccf1df_6.0.22621.4830_none_270fe7d773858e80\COMCTL32.dll
0x00007ffb258b0000 - 0x00007ffb258d6000 	C:\WINDOWS\System32\win32u.dll
0x00007ffb27250000 - 0x00007ffb272f7000 	C:\WINDOWS\System32\msvcrt.dll
0x00007ffb261c0000 - 0x00007ffb261e9000 	C:\WINDOWS\System32\GDI32.dll
0x00007ffb25af0000 - 0x00007ffb25c0b000 	C:\WINDOWS\System32\gdi32full.dll
0x00007ffb25910000 - 0x00007ffb259aa000 	C:\WINDOWS\System32\msvcp_win.dll
0x00007ffb27040000 - 0x00007ffb27071000 	C:\WINDOWS\System32\IMM32.DLL
0x00007ffb1a060000 - 0x00007ffb1a06c000 	C:\Program Files\Android\Android Studio\jbr\bin\vcruntime140_1.dll
0x00007ffaf8500000 - 0x00007ffaf858d000 	C:\Program Files\Android\Android Studio\jbr\bin\msvcp140.dll
0x00007ffab9a80000 - 0x00007ffaba6fd000 	C:\Program Files\Android\Android Studio\jbr\bin\server\jvm.dll
0x00007ffb27080000 - 0x00007ffb27131000 	C:\WINDOWS\System32\ADVAPI32.dll
0x00007ffb27300000 - 0x00007ffb273a7000 	C:\WINDOWS\System32\sechost.dll
0x00007ffb258e0000 - 0x00007ffb25908000 	C:\WINDOWS\System32\bcrypt.dll
0x00007ffb27460000 - 0x00007ffb27574000 	C:\WINDOWS\System32\RPCRT4.dll
0x00007ffb27790000 - 0x00007ffb27801000 	C:\WINDOWS\System32\WS2_32.dll
0x00007ffb252f0000 - 0x00007ffb2533d000 	C:\WINDOWS\SYSTEM32\POWRPROF.dll
0x00007ffb1a150000 - 0x00007ffb1a15a000 	C:\WINDOWS\SYSTEM32\VERSION.dll
0x00007ffb1aa70000 - 0x00007ffb1aaa4000 	C:\WINDOWS\SYSTEM32\WINMM.dll
0x00007ffb252d0000 - 0x00007ffb252e3000 	C:\WINDOWS\SYSTEM32\UMPDC.dll
0x00007ffb245e0000 - 0x00007ffb245f8000 	C:\WINDOWS\SYSTEM32\kernel.appcore.dll
0x00007ffb19fe0000 - 0x00007ffb19fea000 	C:\Program Files\Android\Android Studio\jbr\bin\jimage.dll
0x00007ffb1fde0000 - 0x00007ffb20012000 	C:\WINDOWS\SYSTEM32\DBGHELP.DLL
0x00007ffb28010000 - 0x00007ffb283a0000 	C:\WINDOWS\System32\combase.dll
0x00007ffb26300000 - 0x00007ffb263d7000 	C:\WINDOWS\System32\OLEAUT32.dll
0x00007ffb113e0000 - 0x00007ffb11412000 	C:\WINDOWS\SYSTEM32\dbgcore.DLL
0x00007ffb255d0000 - 0x00007ffb2564b000 	C:\WINDOWS\System32\bcryptPrimitives.dll
0x00007ffb1d580000 - 0x00007ffb1d58e000 	C:\Program Files\Android\Android Studio\jbr\bin\instrument.dll
0x00007ffb08d00000 - 0x00007ffb08d1f000 	C:\Program Files\Android\Android Studio\jbr\bin\java.dll
0x00007ffb00e50000 - 0x00007ffb00e68000 	C:\Program Files\Android\Android Studio\jbr\bin\zip.dll
0x00007ffb264b0000 - 0x00007ffb26d38000 	C:\WINDOWS\System32\SHELL32.dll
0x00007ffb259b0000 - 0x00007ffb25aef000 	C:\WINDOWS\System32\wintypes.dll
0x00007ffb234e0000 - 0x00007ffb23ded000 	C:\WINDOWS\SYSTEM32\windows.storage.dll
0x00007ffb26d40000 - 0x00007ffb26e4a000 	C:\WINDOWS\System32\SHCORE.dll
0x00007ffb26160000 - 0x00007ffb261be000 	C:\WINDOWS\System32\shlwapi.dll
0x00007ffb25500000 - 0x00007ffb2552b000 	C:\WINDOWS\SYSTEM32\profapi.dll
0x00007ffb00e40000 - 0x00007ffb00e50000 	C:\Program Files\Android\Android Studio\jbr\bin\net.dll
0x00007ffb1dc40000 - 0x00007ffb1dd6c000 	C:\WINDOWS\SYSTEM32\WINHTTP.dll
0x00007ffb24a40000 - 0x00007ffb24aaa000 	C:\WINDOWS\system32\mswsock.dll
0x00007ffb00e20000 - 0x00007ffb00e36000 	C:\Program Files\Android\Android Studio\jbr\bin\nio.dll
0x00007ffaf9040000 - 0x00007ffaf9050000 	C:\Program Files\Android\Android Studio\jbr\bin\verify.dll
0x00007ffb0bb40000 - 0x00007ffb0bb67000 	C:\Users\pc\.gradle\native\c067742578af261105cb4f569cf0c3c89f3d7b1fecec35dd04571415982c5e48\windows-amd64\native-platform.dll
0x00007ffae4690000 - 0x00007ffae47d4000 	C:\Users\pc\.gradle\native\100fb08df4bc3b14c8652ba06237920a3bd2aa13389f12d3474272988ae205f9\windows-amd64\native-platform-file-events.dll
0x00007ffafb8f0000 - 0x00007ffafb8f9000 	C:\Program Files\Android\Android Studio\jbr\bin\management.dll
0x00007ffafb0f0000 - 0x00007ffafb0fb000 	C:\Program Files\Android\Android Studio\jbr\bin\management_ext.dll
0x00007ffb27240000 - 0x00007ffb27248000 	C:\WINDOWS\System32\PSAPI.DLL
0x00007ffb24d90000 - 0x00007ffb24dab000 	C:\WINDOWS\SYSTEM32\CRYPTSP.dll
0x00007ffb24540000 - 0x00007ffb24577000 	C:\WINDOWS\system32\rsaenh.dll
0x00007ffb24ae0000 - 0x00007ffb24b08000 	C:\WINDOWS\SYSTEM32\USERENV.dll
0x00007ffb24d70000 - 0x00007ffb24d7c000 	C:\WINDOWS\SYSTEM32\CRYPTBASE.dll
0x00007ffb24040000 - 0x00007ffb2406d000 	C:\WINDOWS\SYSTEM32\IPHLPAPI.DLL
0x00007ffb27580000 - 0x00007ffb27589000 	C:\WINDOWS\System32\NSI.dll
0x00007ffb00e10000 - 0x00007ffb00e19000 	C:\Program Files\Android\Android Studio\jbr\bin\extnet.dll
0x00007ffafb070000 - 0x00007ffafb078000 	C:\WINDOWS\system32\wshunix.dll
0x00007ffb01aa0000 - 0x00007ffb01ab7000 	C:\WINDOWS\system32\napinsp.dll
0x00007ffb01a80000 - 0x00007ffb01a9b000 	C:\WINDOWS\system32\pnrpnsp.dll
0x00007ffb24070000 - 0x00007ffb24172000 	C:\WINDOWS\SYSTEM32\DNSAPI.dll
0x00007ffb01a60000 - 0x00007ffb01a71000 	C:\WINDOWS\System32\winrnr.dll
0x00007ffb1a250000 - 0x00007ffb1a265000 	C:\WINDOWS\system32\wshbth.dll
0x00007ffb008c0000 - 0x00007ffb008e7000 	C:\WINDOWS\system32\nlansp_c.dll
0x00007ffb17f30000 - 0x00007ffb17f3a000 	C:\Windows\System32\rasadhlp.dll
0x00007ffb1aab0000 - 0x00007ffb1ab33000 	C:\WINDOWS\System32\fwpuclnt.dll
0x00007ffb246f0000 - 0x00007ffb24724000 	C:\WINDOWS\SYSTEM32\ntmarta.dll

dbghelp: loaded successfully - version: 4.0.5 - missing functions: none
symbol engine: initialized successfully - sym options: 0x614 - pdb path: .;C:\Program Files\Android\Android Studio\jbr\bin;C:\WINDOWS\SYSTEM32;C:\WINDOWS\WinSxS\amd64_microsoft.windows.common-controls_6595b64144ccf1df_6.0.22621.4830_none_270fe7d773858e80;C:\Program Files\Android\Android Studio\jbr\bin\server;C:\Users\pc\.gradle\native\c067742578af261105cb4f569cf0c3c89f3d7b1fecec35dd04571415982c5e48\windows-amd64;C:\Users\pc\.gradle\native\100fb08df4bc3b14c8652ba06237920a3bd2aa13389f12d3474272988ae205f9\windows-amd64

VM Arguments:
jvm_args: --add-opens=java.base/java.util=ALL-UNNAMED --add-opens=java.base/java.lang=ALL-UNNAMED --add-opens=java.base/java.lang.invoke=ALL-UNNAMED --add-opens=java.prefs/java.util.prefs=ALL-UNNAMED --add-exports=jdk.compiler/com.sun.tools.javac.api=ALL-UNNAMED --add-exports=jdk.compiler/com.sun.tools.javac.util=ALL-UNNAMED --add-opens=java.base/java.nio.charset=ALL-UNNAMED --add-opens=java.base/java.net=ALL-UNNAMED --add-opens=java.base/java.util.concurrent.atomic=ALL-UNNAMED -Xmx2048m -Dfile.encoding=UTF-8 -Duser.country=IN -Duser.language=en -Duser.variant -javaagent:C:\Users\pc\.gradle\wrapper\dists\gradle-8.9-bin\90cnw93cvbtalezasaz0blq0a\gradle-8.9\lib\agents\gradle-instrumentation-agent-8.9.jar 
java_command: org.gradle.launcher.daemon.bootstrap.GradleDaemon 8.9
java_class_path (initial): C:\Users\pc\.gradle\wrapper\dists\gradle-8.9-bin\90cnw93cvbtalezasaz0blq0a\gradle-8.9\lib\gradle-daemon-main-8.9.jar
Launcher Type: SUN_STANDARD

[Global flags]
     intx CICompilerCount                          = 4                                         {product} {ergonomic}
     uint ConcGCThreads                            = 2                                         {product} {ergonomic}
     uint G1ConcRefinementThreads                  = 8                                         {product} {ergonomic}
   size_t G1HeapRegionSize                         = 1048576                                   {product} {ergonomic}
    uintx GCDrainStackTargetSize                   = 64                                        {product} {ergonomic}
   size_t InitialHeapSize                          = 132120576                                 {product} {ergonomic}
   size_t MarkStackSize                            = 4194304                                   {product} {ergonomic}
   size_t MaxHeapSize                              = 2147483648                                {product} {command line}
   size_t MaxNewSize                               = 1287651328                                {product} {ergonomic}
   size_t MinHeapDeltaBytes                        = 1048576                                   {product} {ergonomic}
   size_t MinHeapSize                              = 8388608                                   {product} {ergonomic}
    uintx NonNMethodCodeHeapSize                   = 5839372                                {pd product} {ergonomic}
    uintx NonProfiledCodeHeapSize                  = 122909434                              {pd product} {ergonomic}
    uintx ProfiledCodeHeapSize                     = 122909434                              {pd product} {ergonomic}
    uintx ReservedCodeCacheSize                    = 251658240                              {pd product} {ergonomic}
     bool SegmentedCodeCache                       = true                                      {product} {ergonomic}
   size_t SoftMaxHeapSize                          = 2147483648                             {manageable} {ergonomic}
     bool UseCompressedOops                        = true                           {product lp64_product} {ergonomic}
     bool UseG1GC                                  = true                                      {product} {ergonomic}
     bool UseLargePagesIndividualAllocation        = false                                  {pd product} {ergonomic}

Logging:
Log output configuration:
 #0: stdout all=warning uptime,level,tags foldmultilines=false
 #1: stderr all=off uptime,level,tags foldmultilines=false

Environment Variables:
PATH=C:\Program Files\Eclipse Adoptium\jdk-21.0.6.7-hotspot\bin;C:\Python312\Scripts\;C:\Python312\;C:\WINDOWS\system32;C:\WINDOWS;C:\WINDOWS\System32\Wbem;C:\WINDOWS\System32\WindowsPowerShell\v1.0\;C:\WINDOWS\System32\OpenSSH\;C:\MinGW\bin;C:\Program Files\Git\cmd;C:\Program Files\Git\mingw64\bin;C:\Program Files\Git\usr\bin;C:\Program Files\nodejs\;C:\ProgramData\chocolatey\bin;C:\Program Files\MySQL\MySQL Server 8.0\bin;C:\Users\pc\Downloads\sqlite-tools-win-x64-3490000;C:\Users\pc\AppData\Roaming\Python\Python312\Scripts;C:\Program Files\Docker\Docker\resources\bin;C:\Program Files\Bitcoin;C:\Program Files\Bitcoin\daemon;C:\Users\pc\.cargo\bin;C:\Program Files\MySQL\MySQL Shell 8.0\bin\;C:\Users\pc\AppData\Local\Microsoft\WindowsApps;C:\Users\pc\AppData\Local\Programs\Microsoft VS Code\bin;C:\Users\pc\AppData\Roaming\npm;C:\Users\pc\Downloads\flutter_windows_3.24.3-stable\flutter\bin;
USERNAME=pc
OS=Windows_NT
PROCESSOR_IDENTIFIER=Intel64 Family 6 Model 142 Stepping 12, GenuineIntel
TMP=C:\Users\pc\AppData\Local\Temp
TEMP=C:\Users\pc\AppData\Local\Temp




Periodic native trim disabled

JNI global refs:
JNI global refs: 30, weak refs: 6

JNI global refs memory usage: 835, weak refs: 833

Process memory usage:
Resident Set Size: 559944K (6% of 8143556K total physical memory with 861616K free physical memory)

OOME stack traces (most recent first):
Classloader memory used:
Loader org.gradle.internal.classloader.VisitableURLClassLoader                         : 42373K
Loader org.gradle.internal.classloader.VisitableURLClassLoader$InstrumentingVisitableURLClassLoader: 35883K
Loader bootstrap                                                                       : 31829K
Loader org.gradle.initialization.MixInLegacyTypesClassLoader                           : 11861K
Loader jdk.internal.reflect.DelegatingClassLoader                                      : 574K
Loader jdk.internal.loader.ClassLoaders$PlatformClassLoader                            : 543K
Loader jdk.internal.loader.ClassLoaders$AppClassLoader                                 : 230K
Loader org.gradle.internal.classloader.VisitableURLClassLoader                         : 174K
Loader sun.reflect.misc.MethodUtil                                                     : 2960B

